<?xml version="1.0" encoding="UTF-8"?>
<robot generator="Robot 5.0.1 (Python 3.11.0 on win32)" generated="20221226 22:58:42.662" rpa="false" schemaversion="3">
<suite id="s1" name="apiTestCase" source="C:\Users\raphael.maciel\Desktop\exerciciosrobot\api\apiTestCase.robot">
<kw name="Conectar a minha API" library="resourceApi" type="SETUP">
<kw name="Create Session" library="RequestsLibrary">
<arg>Fakeapi</arg>
<arg>${URL_API}</arg>
<doc>Create Session: create a HTTP session to a server</doc>
<msg timestamp="20221226 22:58:42.990" level="INFO">Creating Session using : alias=Fakeapi, url=https://fakerestapi.azurewebsites.net/api/v1/, headers={},                     cookies={}, auth=None, timeout=None, proxies=None, verify=False,                     debug=0 </msg>
<status status="PASS" starttime="20221226 22:58:42.990" endtime="20221226 22:58:42.990"/>
</kw>
<status status="PASS" starttime="20221226 22:58:42.990" endtime="20221226 22:58:42.990"/>
</kw>
<test id="s1-t1" name="Requisitar o Activities" line="29">
<kw name="Requisitar todos os Activities" library="resourceApi">
<kw name="GET On Session" library="RequestsLibrary">
<var>${RESPOSTA_1}</var>
<arg>Fakeapi</arg>
<arg>Activities</arg>
<doc>Sends a GET request on a previously created HTTP Session.</doc>
<msg timestamp="20221226 22:58:44.033" level="INFO">GET Request : url=https://fakerestapi.azurewebsites.net/api/v1/Activities 
 path_url=/api/v1/Activities 
 headers={'User-Agent': 'python-requests/2.28.1', 'Accept-Encoding': 'gzip, deflate', 'Accept': '*/*', 'Connection': 'keep-alive'} 
 body=None 
 </msg>
<msg timestamp="20221226 22:58:44.033" level="INFO">GET Response : url=https://fakerestapi.azurewebsites.net/api/v1/Activities 
 status=200, reason=OK 
 headers={'Content-Type': 'application/json; charset=utf-8; v=1.0', 'Date': 'Tue, 27 Dec 2022 01:58:34 GMT', 'Server': 'Kestrel', 'Transfer-Encoding': 'chunked', 'api-supported-versions': '1.0'} 
 body=[{"id":1,"title":"Activity 1","dueDate":"2022-12-27T02:58:35.0547695+00:00","completed":false},{"id":2,"title":"Activity 2","dueDate":"2022-12-27T03:58:35.054773+00:00","completed":true},{"id":3,"title":"Activity 3","dueDate":"2022-12-27T04:58:35.0547733+00:00","completed":false},{"id":4,"title":"Activity 4","dueDate":"2022-12-27T05:58:35.0547765+00:00","completed":true},{"id":5,"title":"Activity 5","dueDate":"2022-12-27T06:58:35.0547768+00:00","completed":false},{"id":6,"title":"Activity 6","dueDate":"2022-12-27T07:58:35.0547775+00:00","completed":true},{"id":7,"title":"Activity 7","dueDate":"2022-12-27T08:58:35.0547777+00:00","completed":false},{"id":8,"title":"Activity 8","dueDate":"2022-12-27T09:58:35.054778+00:00","completed":true},{"id":9,"title":"Activity 9","dueDate":"2022-12-27T10:58:35.0547782+00:00","completed":false},{"id":10,"title":"Activity 10","dueDate":"2022-12-27T11:58:35.0547787+00:00","completed":true},{"id":11,"title":"Activity 11","dueDate":"2022-12-27T12:58:35.0547791+00:00","completed":false},{"id":12,"title":"Activity 12","dueDate":"2022-12-27T13:58:35.0547794+00:00","completed":true},{"id":13,"title":"Activity 13","dueDate":"2022-12-27T14:58:35.0547797+00:00","completed":false},{"id":14,"title":"Activity 14","dueDate":"2022-12-27T15:58:35.0547799+00:00","completed":true},{"id":15,"title":"Activity 15","dueDate":"2022-12-27T16:58:35.0547802+00:00","completed":false},{"id":16,"title":"Activity 16","dueDate":"2022-12-27T17:58:35.0547805+00:00","completed":true},{"id":17,"title":"Activity 17","dueDate":"2022-12-27T18:58:35.0547808+00:00","completed":false},{"id":18,"title":"Activity 18","dueDate":"2022-12-27T19:58:35.0547812+00:00","completed":true},{"id":19,"title":"Activity 19","dueDate":"2022-12-27T20:58:35.0547815+00:00","completed":false},{"id":20,"title":"Activity 20","dueDate":"2022-12-27T21:58:35.0547817+00:00","completed":true},{"id":21,"title":"Activity 21","dueDate":"2022-12-27T22:58:35.054782+00:00","completed":false},{"id":22,"title":"Activity 22","dueDate":"2022-12-27T23:58:35.0547823+00:00","completed":true},{"id":23,"title":"Activity 23","dueDate":"2022-12-28T00:58:35.0547826+00:00","completed":false},{"id":24,"title":"Activity 24","dueDate":"2022-12-28T01:58:35.0547828+00:00","completed":true},{"id":25,"title":"Activity 25","dueDate":"2022-12-28T02:58:35.0547831+00:00","completed":false},{"id":26,"title":"Activity 26","dueDate":"2022-12-28T03:58:35.0547834+00:00","completed":true},{"id":27,"title":"Activity 27","dueDate":"2022-12-28T04:58:35.0547836+00:00","completed":false},{"id":28,"title":"Activity 28","dueDate":"2022-12-28T05:58:35.0547839+00:00","completed":true},{"id":29,"title":"Activity 29","dueDate":"2022-12-28T06:58:35.0547842+00:00","completed":false},{"id":30,"title":"Activity 30","dueDate":"2022-12-28T07:58:35.0547845+00:00","completed":true}] 
 </msg>
<msg timestamp="20221226 22:58:44.033" level="INFO">C:\Users\raphael.maciel\AppData\Local\Programs\Python\Python311\Lib\site-packages\urllib3\connectionpool.py:1045: InsecureRequestWarning: Unverified HTTPS request is being made to host 'fakerestapi.azurewebsites.net'. Adding certificate verification is strongly advised. See: https://urllib3.readthedocs.io/en/1.26.x/advanced-usage.html#ssl-warnings
  warnings.warn(</msg>
<msg timestamp="20221226 22:58:44.036" level="INFO">${RESPOSTA_1} = &lt;Response [200]&gt;</msg>
<status status="PASS" starttime="20221226 22:58:42.991" endtime="20221226 22:58:44.036"/>
</kw>
<kw name="Log" library="BuiltIn">
<arg>${RESPOSTA_1.text}</arg>
<doc>Logs the given message with the given level.</doc>
<msg timestamp="20221226 22:58:44.039" level="INFO">[{"id":1,"title":"Activity 1","dueDate":"2022-12-27T02:58:35.0547695+00:00","completed":false},{"id":2,"title":"Activity 2","dueDate":"2022-12-27T03:58:35.054773+00:00","completed":true},{"id":3,"title":"Activity 3","dueDate":"2022-12-27T04:58:35.0547733+00:00","completed":false},{"id":4,"title":"Activity 4","dueDate":"2022-12-27T05:58:35.0547765+00:00","completed":true},{"id":5,"title":"Activity 5","dueDate":"2022-12-27T06:58:35.0547768+00:00","completed":false},{"id":6,"title":"Activity 6","dueDate":"2022-12-27T07:58:35.0547775+00:00","completed":true},{"id":7,"title":"Activity 7","dueDate":"2022-12-27T08:58:35.0547777+00:00","completed":false},{"id":8,"title":"Activity 8","dueDate":"2022-12-27T09:58:35.054778+00:00","completed":true},{"id":9,"title":"Activity 9","dueDate":"2022-12-27T10:58:35.0547782+00:00","completed":false},{"id":10,"title":"Activity 10","dueDate":"2022-12-27T11:58:35.0547787+00:00","completed":true},{"id":11,"title":"Activity 11","dueDate":"2022-12-27T12:58:35.0547791+00:00","completed":false},{"id":12,"title":"Activity 12","dueDate":"2022-12-27T13:58:35.0547794+00:00","completed":true},{"id":13,"title":"Activity 13","dueDate":"2022-12-27T14:58:35.0547797+00:00","completed":false},{"id":14,"title":"Activity 14","dueDate":"2022-12-27T15:58:35.0547799+00:00","completed":true},{"id":15,"title":"Activity 15","dueDate":"2022-12-27T16:58:35.0547802+00:00","completed":false},{"id":16,"title":"Activity 16","dueDate":"2022-12-27T17:58:35.0547805+00:00","completed":true},{"id":17,"title":"Activity 17","dueDate":"2022-12-27T18:58:35.0547808+00:00","completed":false},{"id":18,"title":"Activity 18","dueDate":"2022-12-27T19:58:35.0547812+00:00","completed":true},{"id":19,"title":"Activity 19","dueDate":"2022-12-27T20:58:35.0547815+00:00","completed":false},{"id":20,"title":"Activity 20","dueDate":"2022-12-27T21:58:35.0547817+00:00","completed":true},{"id":21,"title":"Activity 21","dueDate":"2022-12-27T22:58:35.054782+00:00","completed":false},{"id":22,"title":"Activity 22","dueDate":"2022-12-27T23:58:35.0547823+00:00","completed":true},{"id":23,"title":"Activity 23","dueDate":"2022-12-28T00:58:35.0547826+00:00","completed":false},{"id":24,"title":"Activity 24","dueDate":"2022-12-28T01:58:35.0547828+00:00","completed":true},{"id":25,"title":"Activity 25","dueDate":"2022-12-28T02:58:35.0547831+00:00","completed":false},{"id":26,"title":"Activity 26","dueDate":"2022-12-28T03:58:35.0547834+00:00","completed":true},{"id":27,"title":"Activity 27","dueDate":"2022-12-28T04:58:35.0547836+00:00","completed":false},{"id":28,"title":"Activity 28","dueDate":"2022-12-28T05:58:35.0547839+00:00","completed":true},{"id":29,"title":"Activity 29","dueDate":"2022-12-28T06:58:35.0547842+00:00","completed":false},{"id":30,"title":"Activity 30","dueDate":"2022-12-28T07:58:35.0547845+00:00","completed":true}]</msg>
<status status="PASS" starttime="20221226 22:58:44.036" endtime="20221226 22:58:44.039"/>
</kw>
<kw name="Set Test Variable" library="BuiltIn">
<arg>${RESPOSTA_1}</arg>
<doc>Makes a variable available everywhere within the scope of the current test.</doc>
<msg timestamp="20221226 22:58:44.040" level="INFO">${RESPOSTA_1} = &lt;Response [200]&gt;</msg>
<status status="PASS" starttime="20221226 22:58:44.039" endtime="20221226 22:58:44.040"/>
</kw>
<status status="PASS" starttime="20221226 22:58:42.991" endtime="20221226 22:58:44.041"/>
</kw>
<kw name="Requisitar o Activities numero &quot;20&quot;" library="resourceApi" sourcename="Requisitar o Activities numero &quot;${ID_1}&quot;">
<kw name="GET On Session" library="RequestsLibrary">
<var>${RESPOSTA_1}</var>
<arg>Fakeapi</arg>
<arg>Activities/${ID_1}</arg>
<doc>Sends a GET request on a previously created HTTP Session.</doc>
<msg timestamp="20221226 22:58:44.253" level="INFO">GET Request : url=https://fakerestapi.azurewebsites.net/api/v1/Activities/20 
 path_url=/api/v1/Activities/20 
 headers={'User-Agent': 'python-requests/2.28.1', 'Accept-Encoding': 'gzip, deflate', 'Accept': '*/*', 'Connection': 'keep-alive'} 
 body=None 
 </msg>
<msg timestamp="20221226 22:58:44.254" level="INFO">GET Response : url=https://fakerestapi.azurewebsites.net/api/v1/Activities/20 
 status=200, reason=OK 
 headers={'Content-Type': 'application/json; charset=utf-8; v=1.0', 'Date': 'Tue, 27 Dec 2022 01:58:34 GMT', 'Server': 'Kestrel', 'Transfer-Encoding': 'chunked', 'api-supported-versions': '1.0'} 
 body={"id":20,"title":"Activity 20","dueDate":"2022-12-27T21:58:35.2753889+00:00","completed":true} 
 </msg>
<msg timestamp="20221226 22:58:44.254" level="INFO">C:\Users\raphael.maciel\AppData\Local\Programs\Python\Python311\Lib\site-packages\urllib3\connectionpool.py:1045: InsecureRequestWarning: Unverified HTTPS request is being made to host 'fakerestapi.azurewebsites.net'. Adding certificate verification is strongly advised. See: https://urllib3.readthedocs.io/en/1.26.x/advanced-usage.html#ssl-warnings
  warnings.warn(</msg>
<msg timestamp="20221226 22:58:44.256" level="INFO">${RESPOSTA_1} = &lt;Response [200]&gt;</msg>
<status status="PASS" starttime="20221226 22:58:44.043" endtime="20221226 22:58:44.256"/>
</kw>
<kw name="Log" library="BuiltIn">
<arg>${RESPOSTA_1.text}</arg>
<doc>Logs the given message with the given level.</doc>
<msg timestamp="20221226 22:58:44.260" level="INFO">{"id":20,"title":"Activity 20","dueDate":"2022-12-27T21:58:35.2753889+00:00","completed":true}</msg>
<status status="PASS" starttime="20221226 22:58:44.257" endtime="20221226 22:58:44.260"/>
</kw>
<kw name="Set Test Variable" library="BuiltIn">
<arg>${RESPOSTA_1}</arg>
<doc>Makes a variable available everywhere within the scope of the current test.</doc>
<msg timestamp="20221226 22:58:44.261" level="INFO">${RESPOSTA_1} = &lt;Response [200]&gt;</msg>
<status status="PASS" starttime="20221226 22:58:44.260" endtime="20221226 22:58:44.261"/>
</kw>
<status status="PASS" starttime="20221226 22:58:44.042" endtime="20221226 22:58:44.261"/>
</kw>
<kw name="Cadastrar nova Activities" library="resourceApi">
<kw name="Create Dictionary" library="BuiltIn">
<var>${HEADER_1}</var>
<arg>content-type=application/json</arg>
<doc>Creates and returns a dictionary based on the given ``items``.</doc>
<msg timestamp="20221226 22:58:44.264" level="INFO">${HEADER_1} = {'content-type': 'application/json'}</msg>
<status status="PASS" starttime="20221226 22:58:44.263" endtime="20221226 22:58:44.264"/>
</kw>
<kw name="POST On Session" library="RequestsLibrary">
<var>${RESPOSTA_1}</var>
<arg>Fakeapi</arg>
<arg>Activities</arg>
<arg>data={"id": 201,"title": "Activities 201","completed":false}</arg>
<arg>headers=${HEADER_1}</arg>
<doc>Sends a POST request on a previously created HTTP Session.</doc>
<msg timestamp="20221226 22:58:44.473" level="INFO">POST Request : url=https://fakerestapi.azurewebsites.net/api/v1/Activities 
 path_url=/api/v1/Activities 
 headers={'User-Agent': 'python-requests/2.28.1', 'Accept-Encoding': 'gzip, deflate', 'Accept': '*/*', 'Connection': 'keep-alive', 'content-type': 'application/json', 'Content-Length': '55'} 
 body={"id": 201,"title": "Activities 201","completed":false} 
 </msg>
<msg timestamp="20221226 22:58:44.473" level="INFO">POST Response : url=https://fakerestapi.azurewebsites.net/api/v1/Activities 
 status=200, reason=OK 
 headers={'Content-Type': 'application/json; charset=utf-8; v=1.0', 'Date': 'Tue, 27 Dec 2022 01:58:35 GMT', 'Server': 'Kestrel', 'Transfer-Encoding': 'chunked', 'api-supported-versions': '1.0'} 
 body={"id":201,"title":"Activities 201","dueDate":"0001-01-01T00:00:00","completed":false} 
 </msg>
<msg timestamp="20221226 22:58:44.473" level="INFO">C:\Users\raphael.maciel\AppData\Local\Programs\Python\Python311\Lib\site-packages\urllib3\connectionpool.py:1045: InsecureRequestWarning: Unverified HTTPS request is being made to host 'fakerestapi.azurewebsites.net'. Adding certificate verification is strongly advised. See: https://urllib3.readthedocs.io/en/1.26.x/advanced-usage.html#ssl-warnings
  warnings.warn(</msg>
<msg timestamp="20221226 22:58:44.474" level="INFO">${RESPOSTA_1} = &lt;Response [200]&gt;</msg>
<status status="PASS" starttime="20221226 22:58:44.264" endtime="20221226 22:58:44.474"/>
</kw>
<kw name="Log" library="BuiltIn">
<arg>${RESPOSTA_1.text}</arg>
<doc>Logs the given message with the given level.</doc>
<msg timestamp="20221226 22:58:44.475" level="INFO">{"id":201,"title":"Activities 201","dueDate":"0001-01-01T00:00:00","completed":false}</msg>
<status status="PASS" starttime="20221226 22:58:44.474" endtime="20221226 22:58:44.475"/>
</kw>
<kw name="Set Test Variable" library="BuiltIn">
<arg>${RESPOSTA_1}</arg>
<doc>Makes a variable available everywhere within the scope of the current test.</doc>
<msg timestamp="20221226 22:58:44.475" level="INFO">${RESPOSTA_1} = &lt;Response [200]&gt;</msg>
<status status="PASS" starttime="20221226 22:58:44.475" endtime="20221226 22:58:44.475"/>
</kw>
<status status="PASS" starttime="20221226 22:58:44.262" endtime="20221226 22:58:44.475"/>
</kw>
<kw name="Conferir se retorna a nova Activities" library="resourceApi">
<kw name="Dictionary Should Contain Item" library="Collections">
<arg>${RESPOSTA_1.json()}</arg>
<arg>id</arg>
<arg>${ACTIVITIES_POST.id}</arg>
<doc>An item of ``key`` / ``value`` must be found in a ``dictionary``.</doc>
<status status="PASS" starttime="20221226 22:58:44.476" endtime="20221226 22:58:44.477"/>
</kw>
<kw name="Dictionary Should Contain Item" library="Collections">
<arg>${RESPOSTA_1.json()}</arg>
<arg>title</arg>
<arg>${ACTIVITIES_POST.title}</arg>
<doc>An item of ``key`` / ``value`` must be found in a ``dictionary``.</doc>
<status status="PASS" starttime="20221226 22:58:44.477" endtime="20221226 22:58:44.478"/>
</kw>
<kw name="Dictionary Should Contain Item" library="Collections">
<arg>${RESPOSTA_1.json()}</arg>
<arg>completed</arg>
<arg>${ACTIVITIES_POST.completed}</arg>
<doc>An item of ``key`` / ``value`` must be found in a ``dictionary``.</doc>
<status status="PASS" starttime="20221226 22:58:44.478" endtime="20221226 22:58:44.479"/>
</kw>
<kw name="Log" library="BuiltIn">
<arg>${ACTIVITIES_POST}</arg>
<doc>Logs the given message with the given level.</doc>
<msg timestamp="20221226 22:58:44.480" level="INFO">{'id': 201, 'title': 'Activities 201', 'completed': 'False'}</msg>
<status status="PASS" starttime="20221226 22:58:44.479" endtime="20221226 22:58:44.480"/>
</kw>
<status status="PASS" starttime="20221226 22:58:44.476" endtime="20221226 22:58:44.480"/>
</kw>
<kw name="Alterar Activities" library="resourceApi">
<kw name="Create Dictionary" library="BuiltIn">
<var>${PUT_1}</var>
<arg>content-type=application/json</arg>
<doc>Creates and returns a dictionary based on the given ``items``.</doc>
<msg timestamp="20221226 22:58:44.481" level="INFO">${PUT_1} = {'content-type': 'application/json'}</msg>
<status status="PASS" starttime="20221226 22:58:44.480" endtime="20221226 22:58:44.481"/>
</kw>
<kw name="PUT On Session" library="RequestsLibrary">
<var>${RESPOSTA_1}</var>
<arg>Fakeapi</arg>
<arg>Activities/${155}</arg>
<arg>data={"id": 155,"title": "Activities 158","completed":true}</arg>
<arg>headers=${PUT_1}</arg>
<doc>Sends a PUT request on a previously created HTTP Session.</doc>
<msg timestamp="20221226 22:58:44.688" level="INFO">PUT Request : url=https://fakerestapi.azurewebsites.net/api/v1/Activities/155 
 path_url=/api/v1/Activities/155 
 headers={'User-Agent': 'python-requests/2.28.1', 'Accept-Encoding': 'gzip, deflate', 'Accept': '*/*', 'Connection': 'keep-alive', 'content-type': 'application/json', 'Content-Length': '54'} 
 body={"id": 155,"title": "Activities 158","completed":true} 
 </msg>
<msg timestamp="20221226 22:58:44.688" level="INFO">PUT Response : url=https://fakerestapi.azurewebsites.net/api/v1/Activities/155 
 status=200, reason=OK 
 headers={'Content-Type': 'application/json; charset=utf-8; v=1.0', 'Date': 'Tue, 27 Dec 2022 01:58:35 GMT', 'Server': 'Kestrel', 'Transfer-Encoding': 'chunked', 'api-supported-versions': '1.0'} 
 body={"id":155,"title":"Activities 158","dueDate":"0001-01-01T00:00:00","completed":true} 
 </msg>
<msg timestamp="20221226 22:58:44.688" level="INFO">C:\Users\raphael.maciel\AppData\Local\Programs\Python\Python311\Lib\site-packages\urllib3\connectionpool.py:1045: InsecureRequestWarning: Unverified HTTPS request is being made to host 'fakerestapi.azurewebsites.net'. Adding certificate verification is strongly advised. See: https://urllib3.readthedocs.io/en/1.26.x/advanced-usage.html#ssl-warnings
  warnings.warn(</msg>
<msg timestamp="20221226 22:58:44.691" level="INFO">${RESPOSTA_1} = &lt;Response [200]&gt;</msg>
<status status="PASS" starttime="20221226 22:58:44.481" endtime="20221226 22:58:44.691"/>
</kw>
<kw name="Log" library="BuiltIn">
<arg>${RESPOSTA_1.text}</arg>
<doc>Logs the given message with the given level.</doc>
<msg timestamp="20221226 22:58:44.693" level="INFO">{"id":155,"title":"Activities 158","dueDate":"0001-01-01T00:00:00","completed":true}</msg>
<status status="PASS" starttime="20221226 22:58:44.691" endtime="20221226 22:58:44.693"/>
</kw>
<kw name="Set Test Variable" library="BuiltIn">
<arg>${RESPOSTA_1}</arg>
<doc>Makes a variable available everywhere within the scope of the current test.</doc>
<msg timestamp="20221226 22:58:44.695" level="INFO">${RESPOSTA_1} = &lt;Response [200]&gt;</msg>
<status status="PASS" starttime="20221226 22:58:44.694" endtime="20221226 22:58:44.695"/>
</kw>
<status status="PASS" starttime="20221226 22:58:44.480" endtime="20221226 22:58:44.695"/>
</kw>
<kw name="Deletar Activities" library="resourceApi">
<kw name="DELETE On Session" library="RequestsLibrary">
<var>${RESPOSTA_1}</var>
<arg>Fakeapi</arg>
<arg>Activities/${24}</arg>
<doc>Sends a DELETE request on a previously created HTTP Session.</doc>
<msg timestamp="20221226 22:58:44.905" level="INFO">DELETE Request : url=https://fakerestapi.azurewebsites.net/api/v1/Activities/24 
 path_url=/api/v1/Activities/24 
 headers={'User-Agent': 'python-requests/2.28.1', 'Accept-Encoding': 'gzip, deflate', 'Accept': '*/*', 'Connection': 'keep-alive', 'Content-Length': '0'} 
 body=None 
 </msg>
<msg timestamp="20221226 22:58:44.905" level="INFO">DELETE Response : url=https://fakerestapi.azurewebsites.net/api/v1/Activities/24 
 status=200, reason=OK 
 headers={'Content-Length': '0', 'Date': 'Tue, 27 Dec 2022 01:58:35 GMT', 'Server': 'Kestrel', 'api-supported-versions': '1.0'} 
 body=None 
 </msg>
<msg timestamp="20221226 22:58:44.905" level="INFO">C:\Users\raphael.maciel\AppData\Local\Programs\Python\Python311\Lib\site-packages\urllib3\connectionpool.py:1045: InsecureRequestWarning: Unverified HTTPS request is being made to host 'fakerestapi.azurewebsites.net'. Adding certificate verification is strongly advised. See: https://urllib3.readthedocs.io/en/1.26.x/advanced-usage.html#ssl-warnings
  warnings.warn(</msg>
<msg timestamp="20221226 22:58:44.906" level="INFO">${RESPOSTA_1} = &lt;Response [200]&gt;</msg>
<status status="PASS" starttime="20221226 22:58:44.697" endtime="20221226 22:58:44.906"/>
</kw>
<kw name="Log" library="BuiltIn">
<arg>${RESPOSTA_1}</arg>
<doc>Logs the given message with the given level.</doc>
<msg timestamp="20221226 22:58:44.906" level="INFO">&lt;Response [200]&gt;</msg>
<status status="PASS" starttime="20221226 22:58:44.906" endtime="20221226 22:58:44.906"/>
</kw>
<kw name="Set Test Variable" library="BuiltIn">
<arg>${RESPOSTA_1}</arg>
<doc>Makes a variable available everywhere within the scope of the current test.</doc>
<msg timestamp="20221226 22:58:44.906" level="INFO">${RESPOSTA_1} = &lt;Response [200]&gt;</msg>
<status status="PASS" starttime="20221226 22:58:44.906" endtime="20221226 22:58:44.906"/>
</kw>
<kw name="Should Be Empty" library="BuiltIn">
<arg>${RESPOSTA_1.text}</arg>
<doc>Verifies that the given item is empty.</doc>
<msg timestamp="20221226 22:58:44.906" level="INFO">Length is 0</msg>
<status status="PASS" starttime="20221226 22:58:44.906" endtime="20221226 22:58:44.906"/>
</kw>
<status status="PASS" starttime="20221226 22:58:44.696" endtime="20221226 22:58:44.906"/>
</kw>
<status status="PASS" starttime="20221226 22:58:42.990" endtime="20221226 22:58:44.907"/>
</test>
<doc>Documentação de API: https://fakerestapi.azurewebsites.net/index.html</doc>
<status status="PASS" starttime="20221226 22:58:42.664" endtime="20221226 22:58:44.909"/>
</suite>
<statistics>
<total>
<stat pass="1" fail="0" skip="0">All Tests</stat>
</total>
<tag>
</tag>
<suite>
<stat pass="1" fail="0" skip="0" id="s1" name="apiTestCase">apiTestCase</stat>
</suite>
</statistics>
<errors>
</errors>
</robot>
