<?xml version="1.0" encoding="UTF-8"?>
<robot generator="Robot 6.0.1 (Python 3.11.0 on win32)" generated="20221214 23:11:32.705" rpa="false" schemaversion="3">
<suite id="s1" name="apiTestCase" source="C:\Users\raphael.maciel\Desktop\exerciciosrobot\api\apiTestCase.robot">
<kw name="Conectar a minha API" library="resourceApi" type="SETUP">
<kw name="Create Session" library="RequestsLibrary">
<arg>Fakeapi</arg>
<arg>${URL_API}</arg>
<doc>Create Session: create a HTTP session to a server</doc>
<msg timestamp="20221214 23:11:32.955" level="INFO">Creating Session using : alias=Fakeapi, url=https://fakerestapi.azurewebsites.net/api/v1/, headers={},                     cookies={}, auth=None, timeout=None, proxies=None, verify=False,                     debug=0 </msg>
<status status="PASS" starttime="20221214 23:11:32.955" endtime="20221214 23:11:32.955"/>
</kw>
<status status="PASS" starttime="20221214 23:11:32.954" endtime="20221214 23:11:32.955"/>
</kw>
<test id="s1-t1" name="Buscar a listagem de todos os livros" line="8">
<kw name="Requisitar todos os livros" library="resourceApi">
<kw name="GET On Session" library="RequestsLibrary">
<var>${RESPOSTA}</var>
<arg>Fakeapi</arg>
<arg>Books</arg>
<doc>Sends a GET request on a previously created HTTP Session.</doc>
<msg timestamp="20221214 23:11:35.961" level="INFO">GET Request : url=https://fakerestapi.azurewebsites.net/api/v1/Books 
 path_url=/api/v1/Books 
 headers={'User-Agent': 'python-requests/2.28.1', 'Accept-Encoding': 'gzip, deflate', 'Accept': '*/*', 'Connection': 'keep-alive'} 
 body=None 
 </msg>
<msg timestamp="20221214 23:11:35.963" level="INFO">GET Response : url=https://fakerestapi.azurewebsites.net/api/v1/Books 
 status=200, reason=OK 
 headers={'Content-Type': 'application/json; charset=utf-8; v=1.0', 'Date': 'Thu, 15 Dec 2022 02:11:23 GMT', 'Server': 'Kestrel', 'Transfer-Encoding': 'chunked', 'api-supported-versions': '1.0'} 
 body=[{"id":1,"title":"Book 1","description":"Dolores in vel sit no diam amet illum sadipscing et ea sed dolore consetetur. Eirmod ea dolor duo aliquyam lorem justo takimata nonumy ipsum vero ullamcorper sed nonumy stet ipsum. Liber accusam eirmod. Consetetur ea exerci at vero elitr at at dolor diam sit justo et ut invidunt et ea ea ipsum. Ea suscipit eos eirmod dolor no elitr dolor sanctus luptatum gubergren diam. Elitr vero imperdiet vel soluta iusto zzril labore est nulla facilisis iriure consequat. Erat ad vero eirmod magna sadipscing voluptua consequat erat amet. Possim erat stet facilisis elitr ipsum gubergren commodo amet amet molestie voluptua dolor invidunt kasd. Kasd amet eu ullamcorper sed vero gubergren eirmod duo gubergren et sanctus. Facilisis sanctus dolor gubergren velit at. Diam sanctus diam vel et sit ipsum accusam placerat clita stet magna sit lorem et. Consetetur kasd et vero feugiat aliquip labore amet diam ipsum vel eleifend stet tempor at accusam nibh.\n","pageCount":100,"excerpt":"Eirmod erat dolor no kasd diam labore eum eu sed takimata invidunt. Feugait amet erat ea commodo eos sed aliquyam amet invidunt consectetuer sit veniam sit sit sanctus justo lorem. Ut enim consetetur ipsum labore magna diam diam hendrerit et.\nMagna magna magna clita et option dolore gubergren kasd labore sit clita tincidunt. Sadipscing facer sit ipsum option amet luptatum enim aliquip amet rebum labore amet at consectetuer. Duo aliquam eos accusam dolore ut facilisis facilisis stet amet vero nonumy dolore te vero mazim diam. Facilisis molestie vulputate consetetur aliquyam vero eum duo ad takimata et est nonumy vero invidunt eirmod blandit justo. Sed et sit eu tempor ea tempor consetetur no augue minim accusam imperdiet sit kasd accusam tation eirmod sit. Facilisi consequat lorem lorem volutpat et blandit accusam ipsum kasd et labore. Dolore dolores ea et aliquyam lorem erat. Nonumy laoreet ut iriure dolor erat commodo velit stet lorem invidunt assum lorem amet tempor clita aliquyam vero magna. Duis eos ipsum et sed erat elitr gubergren et praesent veniam amet consequat magna ea tempor lorem est. Facer ut aliquyam ea invidunt wisi kasd ipsum invidunt eu consectetuer duo ea sit.\nSed ut luptatum stet invidunt gubergren dolore. Ut justo nonumy sanctus invidunt magna et odio lobortis dolor clita duo labore diam. Et duis labore vero accusam dolores consectetuer illum amet consetetur vero dolor elitr aliquyam et. Diam et dolor. Stet in in velit consequat dolores esse elitr consequat in wisi iusto dolor dolore ea. Dolores ipsum takimata sit ad aliquip. Invidunt sadipscing stet voluptua tempor. Lorem rebum lorem sanctus. Takimata no at accusam vulputate et amet assum et eos sea. Elitr stet diam adipiscing eum.\nTation magna in at consetetur dolor rebum sadipscing eum aliquyam. Eum takimata eirmod et volutpat lorem dolor est et facilisis eum clita tempor clita vulputate autem. Magna rebum elitr nobis eros et est ea option magna amet nulla cum ipsum no est. Sadipscing augue ipsum. Est nostrud stet erat zzril. Amet ipsum tempor euismod duo et nulla erat duo voluptua. Quis aliquyam eum sadipscing sanctus sadipscing diam aliquip dolor nonumy voluptua et at. Eos diam aliquyam possim amet volutpat facilisi dolore diam rebum feugiat kasd. At amet at suscipit est. Takimata lorem stet lorem dolor dolore aliquam amet vel dignissim dolor et vero. Et stet sit. Veniam esse et invidunt hendrerit facilisis consetetur aliquyam justo assum accusam vero hendrerit takimata clita. Elitr duis adipiscing duo euismod stet nulla vero clita dolor et sadipscing et et nisl clita. Ea at ut et duis elitr dignissim magna diam luptatum tempor vulputate vero vel invidunt facilisis nisl sed. Facilisis aliquyam vero. Duo at aliquyam gubergren nonumy aliquip et illum ipsum. Diam vel ea suscipit accusam volutpat kasd ad quod consequat.\nIn sanctus sit duo nulla dolor ut eirmod takimata duo ut. Eirmod in rebum eos invidunt in illum. Invidunt kasd lorem erat lorem erat adipiscing gubergren sea vulputate no gubergren amet et et duis. Lorem in ex. Lorem amet ipsum labore est duo. Iusto kasd et veniam. Hendrerit lorem consetetur. Iriure dolor ut eum dolores et nonumy tempor. Dolor eos erat diam aliquyam invidunt ipsum amet lorem justo gubergren amet nulla.\n","publishDate":"2022-12-14T02:11:23.6610884+00:00"},{"id":2,"title":"Book 2","description":"Clita vel facilisi rebum dolore illum ipsum erat labore. Facilisis ea gubergren est gubergren nonumy esse sadipscing euismod ut erat et eirmod. Invidunt sed tempor dolores illum doming ipsum velit. Ut qui elitr dolor tempor velit sea stet tempor. In autem tempor accusam at dolor nonummy elitr gubergren. Ea voluptua amet sea id consetetur. Sanctus dolor in eum eros. Et elitr sit sed vulputate no luptatum dolores accusam diam feugait te tempor. Feugiat diam voluptua enim lorem vero sit dolor voluptua tempor ullamcorper augue nulla voluptua delenit voluptua consetetur. Ad eirmod lorem. Vel sanctus consetetur. Diam sed ut enim duo in aliquam sit accusam duis et tempor sed diam justo sed voluptua sanctus rebum. No lorem mazim et nulla. Gubergren et takimata duo invidunt at nonumy sed. Dolores dolor consectetuer tempor duo consetetur amet eos ipsum lorem tempor et nibh magna. Suscipit et nonumy sit lorem invidunt gubergren hendrerit dolor amet est zzril. Amet elitr nisl qui est facilisi sit rebum gubergren esse ipsum stet sea tempor amet lorem rebum dolor. Consequat suscipit autem no et at volutpat augue. Ut tincidunt sit amet justo invidunt et sit dolore ex.\n","pageCount":200,"excerpt":"Dolor tation sed liber laoreet gubergren ut dolor at in ut diam est no feugiat. Amet sit sea ea tempor hendrerit nisl diam vulputate suscipit hendrerit quis dolor dolor feugait eu lorem. Ut imperdiet illum consetetur sed accusam sed amet. Sea duo tempor ut. Est sit sed dolores ipsum est justo. Lorem vel consetetur dolores enim in ipsum diam vulputate kasd et amet rebum euismod sed. Takimata iusto sit voluptua. Ut ut assum consectetuer duo lorem at magna. Eirmod autem aliquyam sed eos dolores dolor lorem suscipit nulla lorem gubergren sadipscing. Sed dolore diam dolores amet nihil nonumy erat facilisi amet takimata lorem nonumy esse facilisis takimata duo accusam consetetur.\nAccusam ipsum at delenit commodo diam sit velit erat et aliquyam doming ut dolore eirmod. Tempor est aliquam stet sea sit dolor diam ut lorem sit sea. Dolor et accusam sed. Vero nonumy et in ipsum no clita iriure ipsum velit ipsum diam zzril minim suscipit erat diam. Lorem sanctus ut lorem eirmod rebum. Dolore suscipit dolor. Feugiat euismod accumsan lorem ipsum. Possim no lorem. Elit vero nonumy duis et at et. Velit labore nibh quod tempor amet justo dolore ea nulla. Eos sanctus exerci tempor sadipscing stet lorem. Erat eos euismod.\nEt consequat eirmod quis aliquyam elitr sit voluptua doming justo ullamcorper nonumy esse feugait. Ex tempor at tation dolore. Et ea accusam erat sadipscing ipsum dolore invidunt eu magna sea congue sea. Commodo ea et est ipsum sadipscing dolore sed nonummy et dolor tation magna elitr labore accusam. Aliquyam diam esse et quod consetetur. Qui ea aliquyam at labore vulputate no et dolores est consequat quis lorem eirmod stet elitr. Ipsum ex diam est no gubergren ea dolore eleifend diam elitr ut in ea dolor takimata facilisis. Et ipsum voluptua qui praesent aliquam facer. Ipsum amet commodo diam lorem quis labore erat in et eros sea lorem gubergren gubergren lorem eos autem. Voluptua eos lorem tempor eu dolor enim elitr zzril diam lorem et aliquyam sit invidunt clita. Lorem diam sed est vero takimata ea nulla voluptua invidunt kasd diam nonumy vero consequat est. Invidunt et dolore consetetur vero accusam sed accusam no consetetur feugiat et odio labore sit. Te ut diam accusam clita. Ipsum eos dolores accusam takimata diam voluptua consetetur sanctus sanctus est assum praesent aliquyam sed rebum dolor sea. Nonumy lorem lorem sed eu dolore magna lorem labore blandit in eirmod stet est. Voluptua vero sanctus. Accusam ut nonumy voluptua sed et magna ipsum clita erat dolores nonumy sit rebum dolor enim dolore ipsum velit. Dolor consetetur illum amet sed at.\nDuo molestie ea consetetur. Invidunt te option amet diam accumsan et molestie sed ut sit dolor. Sanctus et justo invidunt feugiat lorem nulla eu exerci zzril feugiat velit dignissim aliquyam vero. Blandit sanctus sea. Dolor magna sit diam ut nonumy nobis et gubergren at magna sea clita vero at justo nonumy magna.\nLorem labore magna consetetur ipsum ut. Id praesent eros dolores clita doming sea diam elitr elitr wisi dolore lorem et. Eum sadipscing accusam gubergren eros ea duo dolore voluptua lorem ea et.\n","publishDate":"2022-12-13T02:11:23.6616616+00:00"},{"id":3,"title":"Book 3","description":"Dignissim stet amet te sit elit. Dolore diam stet voluptua ut sea voluptua ipsum vero sit stet velit. Eos consequat feugiat et accusam clita consectetuer in euismod gubergren invidunt iriure ut ipsum duis accumsan kasd augue. Nulla velit eos aliquyam tation eirmod ut quod dolore facilisi sed sit ea hendrerit sed duo sanctus. Sit vulputate elit vero dolore lorem. Aliquyam tempor sed feugiat elitr. Dolore labore sanctus sed no est tempor facilisi consequat accusam dolores dolor eirmod dolore. Diam dolor ipsum et est elitr ut diam diam dolor lorem. No est lorem tempor dolor est gubergren eirmod elitr clita lorem lobortis accumsan nonumy ipsum elitr dolore. Justo et clita duis takimata voluptua sanctus hendrerit dolore duis eum sadipscing.\n","pageCount":300,"excerpt":"Dolores justo consequat dolor. Diam sit consetetur sanctus elitr sea et ut sed kasd amet dolor. Sea autem erat praesent in clita kasd odio. Nonumy tation vulputate sadipscing. Blandit dolor et labore labore dolor mazim nibh iriure sea autem volutpat te. Invidunt sit vero at in dolore. Voluptua et sadipscing sea. Sit sea clita vulputate tempor elitr facilisis labore dolor voluptua takimata ipsum dolor id facilisis sit dolore. Suscipit n... (set the log level to DEBUG or TRACE to see the full content) 
 </msg>
<msg timestamp="20221214 23:11:35.964" level="INFO">C:\Users\raphael.maciel\AppData\Local\Programs\Python\Python311\Lib\site-packages\urllib3\connectionpool.py:1045: InsecureRequestWarning: Unverified HTTPS request is being made to host 'fakerestapi.azurewebsites.net'. Adding certificate verification is strongly advised. See: https://urllib3.readthedocs.io/en/1.26.x/advanced-usage.html#ssl-warnings
  warnings.warn(</msg>
<msg timestamp="20221214 23:11:35.967" level="INFO">${RESPOSTA} = &lt;Response [200]&gt;</msg>
<status status="PASS" starttime="20221214 23:11:32.956" endtime="20221214 23:11:35.967"/>
</kw>
<kw name="Log" library="BuiltIn">
<arg>${RESPOSTA.text}</arg>
<doc>Logs the given message with the given level.</doc>
<msg timestamp="20221214 23:11:35.971" level="INFO">[{"id":1,"title":"Book 1","description":"Dolores in vel sit no diam amet illum sadipscing et ea sed dolore consetetur. Eirmod ea dolor duo aliquyam lorem justo takimata nonumy ipsum vero ullamcorper sed nonumy stet ipsum. Liber accusam eirmod. Consetetur ea exerci at vero elitr at at dolor diam sit justo et ut invidunt et ea ea ipsum. Ea suscipit eos eirmod dolor no elitr dolor sanctus luptatum gubergren diam. Elitr vero imperdiet vel soluta iusto zzril labore est nulla facilisis iriure consequat. Erat ad vero eirmod magna sadipscing voluptua consequat erat amet. Possim erat stet facilisis elitr ipsum gubergren commodo amet amet molestie voluptua dolor invidunt kasd. Kasd amet eu ullamcorper sed vero gubergren eirmod duo gubergren et sanctus. Facilisis sanctus dolor gubergren velit at. Diam sanctus diam vel et sit ipsum accusam placerat clita stet magna sit lorem et. Consetetur kasd et vero feugiat aliquip labore amet diam ipsum vel eleifend stet tempor at accusam nibh.\n","pageCount":100,"excerpt":"Eirmod erat dolor no kasd diam labore eum eu sed takimata invidunt. Feugait amet erat ea commodo eos sed aliquyam amet invidunt consectetuer sit veniam sit sit sanctus justo lorem. Ut enim consetetur ipsum labore magna diam diam hendrerit et.\nMagna magna magna clita et option dolore gubergren kasd labore sit clita tincidunt. Sadipscing facer sit ipsum option amet luptatum enim aliquip amet rebum labore amet at consectetuer. Duo aliquam eos accusam dolore ut facilisis facilisis stet amet vero nonumy dolore te vero mazim diam. Facilisis molestie vulputate consetetur aliquyam vero eum duo ad takimata et est nonumy vero invidunt eirmod blandit justo. Sed et sit eu tempor ea tempor consetetur no augue minim accusam imperdiet sit kasd accusam tation eirmod sit. Facilisi consequat lorem lorem volutpat et blandit accusam ipsum kasd et labore. Dolore dolores ea et aliquyam lorem erat. Nonumy laoreet ut iriure dolor erat commodo velit stet lorem invidunt assum lorem amet tempor clita aliquyam vero magna. Duis eos ipsum et sed erat elitr gubergren et praesent veniam amet consequat magna ea tempor lorem est. Facer ut aliquyam ea invidunt wisi kasd ipsum invidunt eu consectetuer duo ea sit.\nSed ut luptatum stet invidunt gubergren dolore. Ut justo nonumy sanctus invidunt magna et odio lobortis dolor clita duo labore diam. Et duis labore vero accusam dolores consectetuer illum amet consetetur vero dolor elitr aliquyam et. Diam et dolor. Stet in in velit consequat dolores esse elitr consequat in wisi iusto dolor dolore ea. Dolores ipsum takimata sit ad aliquip. Invidunt sadipscing stet voluptua tempor. Lorem rebum lorem sanctus. Takimata no at accusam vulputate et amet assum et eos sea. Elitr stet diam adipiscing eum.\nTation magna in at consetetur dolor rebum sadipscing eum aliquyam. Eum takimata eirmod et volutpat lorem dolor est et facilisis eum clita tempor clita vulputate autem. Magna rebum elitr nobis eros et est ea option magna amet nulla cum ipsum no est. Sadipscing augue ipsum. Est nostrud stet erat zzril. Amet ipsum tempor euismod duo et nulla erat duo voluptua. Quis aliquyam eum sadipscing sanctus sadipscing diam aliquip dolor nonumy voluptua et at. Eos diam aliquyam possim amet volutpat facilisi dolore diam rebum feugiat kasd. At amet at suscipit est. Takimata lorem stet lorem dolor dolore aliquam amet vel dignissim dolor et vero. Et stet sit. Veniam esse et invidunt hendrerit facilisis consetetur aliquyam justo assum accusam vero hendrerit takimata clita. Elitr duis adipiscing duo euismod stet nulla vero clita dolor et sadipscing et et nisl clita. Ea at ut et duis elitr dignissim magna diam luptatum tempor vulputate vero vel invidunt facilisis nisl sed. Facilisis aliquyam vero. Duo at aliquyam gubergren nonumy aliquip et illum ipsum. Diam vel ea suscipit accusam volutpat kasd ad quod consequat.\nIn sanctus sit duo nulla dolor ut eirmod takimata duo ut. Eirmod in rebum eos invidunt in illum. Invidunt kasd lorem erat lorem erat adipiscing gubergren sea vulputate no gubergren amet et et duis. Lorem in ex. Lorem amet ipsum labore est duo. Iusto kasd et veniam. Hendrerit lorem consetetur. Iriure dolor ut eum dolores et nonumy tempor. Dolor eos erat diam aliquyam invidunt ipsum amet lorem justo gubergren amet nulla.\n","publishDate":"2022-12-14T02:11:23.6610884+00:00"},{"id":2,"title":"Book 2","description":"Clita vel facilisi rebum dolore illum ipsum erat labore. Facilisis ea gubergren est gubergren nonumy esse sadipscing euismod ut erat et eirmod. Invidunt sed tempor dolores illum doming ipsum velit. Ut qui elitr dolor tempor velit sea stet tempor. In autem tempor accusam at dolor nonummy elitr gubergren. Ea voluptua amet sea id consetetur. Sanctus dolor in eum eros. Et elitr sit sed vulputate no luptatum dolores accusam diam feugait te tempor. Feugiat diam voluptua enim lorem vero sit dolor voluptua tempor ullamcorper augue nulla voluptua delenit voluptua consetetur. Ad eirmod lorem. Vel sanctus consetetur. Diam sed ut enim duo in aliquam sit accusam duis et tempor sed diam justo sed voluptua sanctus rebum. No lorem mazim et nulla. Gubergren et takimata duo invidunt at nonumy sed. Dolores dolor consectetuer tempor duo consetetur amet eos ipsum lorem tempor et nibh magna. Suscipit et nonumy sit lorem invidunt gubergren hendrerit dolor amet est zzril. Amet elitr nisl qui est facilisi sit rebum gubergren esse ipsum stet sea tempor amet lorem rebum dolor. Consequat suscipit autem no et at volutpat augue. Ut tincidunt sit amet justo invidunt et sit dolore ex.\n","pageCount":200,"excerpt":"Dolor tation sed liber laoreet gubergren ut dolor at in ut diam est no feugiat. Amet sit sea ea tempor hendrerit nisl diam vulputate suscipit hendrerit quis dolor dolor feugait eu lorem. Ut imperdiet illum consetetur sed accusam sed amet. Sea duo tempor ut. Est sit sed dolores ipsum est justo. Lorem vel consetetur dolores enim in ipsum diam vulputate kasd et amet rebum euismod sed. Takimata iusto sit voluptua. Ut ut assum consectetuer duo lorem at magna. Eirmod autem aliquyam sed eos dolores dolor lorem suscipit nulla lorem gubergren sadipscing. Sed dolore diam dolores amet nihil nonumy erat facilisi amet takimata lorem nonumy esse facilisis takimata duo accusam consetetur.\nAccusam ipsum at delenit commodo diam sit velit erat et aliquyam doming ut dolore eirmod. Tempor est aliquam stet sea sit dolor diam ut lorem sit sea. Dolor et accusam sed. Vero nonumy et in ipsum no clita iriure ipsum velit ipsum diam zzril minim suscipit erat diam. Lorem sanctus ut lorem eirmod rebum. Dolore suscipit dolor. Feugiat euismod accumsan lorem ipsum. Possim no lorem. Elit vero nonumy duis et at et. Velit labore nibh quod tempor amet justo dolore ea nulla. Eos sanctus exerci tempor sadipscing stet lorem. Erat eos euismod.\nEt consequat eirmod quis aliquyam elitr sit voluptua doming justo ullamcorper nonumy esse feugait. Ex tempor at tation dolore. Et ea accusam erat sadipscing ipsum dolore invidunt eu magna sea congue sea. Commodo ea et est ipsum sadipscing dolore sed nonummy et dolor tation magna elitr labore accusam. Aliquyam diam esse et quod consetetur. Qui ea aliquyam at labore vulputate no et dolores est consequat quis lorem eirmod stet elitr. Ipsum ex diam est no gubergren ea dolore eleifend diam elitr ut in ea dolor takimata facilisis. Et ipsum voluptua qui praesent aliquam facer. Ipsum amet commodo diam lorem quis labore erat in et eros sea lorem gubergren gubergren lorem eos autem. Voluptua eos lorem tempor eu dolor enim elitr zzril diam lorem et aliquyam sit invidunt clita. Lorem diam sed est vero takimata ea nulla voluptua invidunt kasd diam nonumy vero consequat est. Invidunt et dolore consetetur vero accusam sed accusam no consetetur feugiat et odio labore sit. Te ut diam accusam clita. Ipsum eos dolores accusam takimata diam voluptua consetetur sanctus sanctus est assum praesent aliquyam sed rebum dolor sea. Nonumy lorem lorem sed eu dolore magna lorem labore blandit in eirmod stet est. Voluptua vero sanctus. Accusam ut nonumy voluptua sed et magna ipsum clita erat dolores nonumy sit rebum dolor enim dolore ipsum velit. Dolor consetetur illum amet sed at.\nDuo molestie ea consetetur. Invidunt te option amet diam accumsan et molestie sed ut sit dolor. Sanctus et justo invidunt feugiat lorem nulla eu exerci zzril feugiat velit dignissim aliquyam vero. Blandit sanctus sea. Dolor magna sit diam ut nonumy nobis et gubergren at magna sea clita vero at justo nonumy magna.\nLorem labore magna consetetur ipsum ut. Id praesent eros dolores clita doming sea diam elitr elitr wisi dolore lorem et. Eum sadipscing accusam gubergren eros ea duo dolore voluptua lorem ea et.\n","publishDate":"2022-12-13T02:11:23.6616616+00:00"},{"id":3,"title":"Book 3","description":"Dignissim stet amet te sit elit. Dolore diam stet voluptua ut sea voluptua ipsum vero sit stet velit. Eos consequat feugiat et accusam clita consectetuer in euismod gubergren invidunt iriure ut ipsum duis accumsan kasd augue. Nulla velit eos aliquyam tation eirmod ut quod dolore facilisi sed sit ea hendrerit sed duo sanctus. Sit vulputate elit vero dolore lorem. Aliquyam tempor sed feugiat elitr. Dolore labore sanctus sed no est tempor facilisi consequat accusam dolores dolor eirmod dolore. Diam dolor ipsum et est elitr ut diam diam dolor lorem. No est lorem tempor dolor est gubergren eirmod elitr clita lorem lobortis accumsan nonumy ipsum elitr dolore. Justo et clita duis takimata voluptua sanctus hendrerit dolore duis eum sadipscing.\n","pageCount":300,"excerpt":"Dolores justo consequat dolor. Diam sit consetetur sanctus elitr sea et ut sed kasd amet dolor. Sea autem erat praesent in clita kasd odio. Nonumy tation vulputate sadipscing. Blandit dolor et labore labore dolor mazim nibh iriure sea autem volutpat te. Invidunt sit vero at in dolore. Voluptua et sadipscing sea. Sit sea clita vulputate tempor elitr facilisis labore dolor voluptua takimata ipsum dolor id facilisis sit dolore. Suscipit nulla accusam duo veniam et est justo delenit tempor minim labore et.\nVolutpat sanctus et lorem dolor diam magna sit facer magna suscipit sed nulla. Dolor takimata mazim sed et no takimata sea est sed euismod sit amet liber. Labore gubergren nulla amet nonumy vero erat duo et sed eu adipiscing. Diam dolor gubergren dolore. Nulla takimata clita et gubergren. Sit suscipit nonumy iriure accusam dolor amet erat odio velit magna laoreet ea diam dolor dolor eirmod at. Est dignissim tempor erat. Sanctus sed nonumy amet eos sanctus commodo at no in sanctus amet justo iriure magna feugiat et eos. Rebum consetetur enim lorem dolore sed justo ipsum aliquyam et sed vulputate kasd sed takimata iusto dolore. Dolor amet blandit elitr diam lorem clita gubergren accumsan at eu dolor takimata lorem dolore. Sit kasd nam aliquam minim augue eirmod.\nEa nulla sanctus sadipscing lorem et gubergren at sit. Esse velit et magna no gubergren facilisis lorem et nonummy stet lorem magna no sed sea. Eirmod iriure amet accusam tempor sea. Sed dolore sit nulla est sea. Sanctus delenit ipsum sadipscing consetetur eum diam dolor aliquyam justo iusto sanctus diam erat. Lobortis laoreet sanctus. In et magna. Et consequat ut ipsum elitr takimata et nobis hendrerit zzril no rebum et erat ipsum sed voluptua consectetuer magna. Vel nihil vel vero erat et amet sea feugait at erat lorem diam sadipscing imperdiet aliquyam justo kasd. Eos est suscipit tation sanctus justo ipsum nonumy feugiat duo diam. Amet diam veniam sadipscing vulputate kasd zzril dolore labore. Rebum et dolor est. Lorem minim labore accusam duo rebum amet augue sadipscing sit nostrud dolore te sit magna sit dolores eos. Sed amet no aliquyam aliquip eros vel ea ipsum exerci erat exerci diam. Dolor erat adipiscing amet. Ut qui dolore dolores dolores sed sea dolores lobortis stet. Diam sit ipsum accusam et ullamcorper.\nSed liber sit ut stet sit nonumy et justo dignissim eirmod vero sed eos sed dolor et eirmod. Sea erat magna. Liber et sed sanctus sit lorem invidunt eirmod sed sed. Clita et voluptua est magna dignissim dolore amet erat quis nulla stet iusto ipsum est sadipscing. Sadipscing magna no et gubergren amet possim sanctus dolor ex amet justo dolor dolores consetetur illum ut duis. Amet est sea sed diam et et kasd diam. Magna diam dolor. Amet sanctus vero rebum aliquyam ut consequat ullamcorper et suscipit sea sed dolore dolor accusam accusam.\nUt imperdiet nihil no facilisi dolor accusam sadipscing. Sadipscing ipsum vero eum gubergren diam eos exerci ea luptatum accusam voluptua elitr magna iriure eum. Invidunt diam ipsum ipsum quis dolore diam at lorem accusam amet eos rebum aliquyam accusam consequat facilisis clita. Labore consetetur aliquyam enim et laoreet ut vel sit elit dolor.\n","publishDate":"2022-12-12T02:11:23.6617324+00:00"},{"id":4,"title":"Book 4","description":"Amet sed nonumy est at voluptua clita labore praesent. Sit sadipscing et at labore amet. Zzril rebum elitr molestie iusto lorem eos takimata lorem eu. Dolores duo ut odio. Sit sadipscing sit nonumy dolor vero. Accusam no duo rebum invidunt duis tation no kasd amet erat vero labore. Ut enim eu enim enim sanctus kasd te et kasd dolor diam ipsum iusto justo labore et aliquyam dolore. Nulla vero consequat tempor sit ut est ut tempor qui magna. Ullamcorper dolor clita diam sit congue erat clita diam sadipscing invidunt rebum aliquyam lorem elitr et stet. Clita sanctus ipsum et commodo erat nam aliquip vulputate diam et eu aliquyam erat duo. Consectetuer aliquip et et dolores vero sed vel amet. Labore no aliquip dolores est et. Tempor amet ea at nonumy diam ut praesent sanctus nulla amet consequat elitr voluptua duo stet. Sed elitr sea tempor. Labore dignissim elit diam. Blandit ut dolor stet est clita sed.\n","pageCount":400,"excerpt":"Nibh dolor et vel augue te nonumy sed mazim suscipit ut et erat duis erat duis. Consetetur dolore lorem lorem et consequat ex. Sanctus sadipscing sea no kasd ut minim sed duis qui ipsum nulla duis. Laoreet ipsum wisi sadipscing vulputate. Vero et doming ut vel sed. Veniam quod hendrerit adipiscing eos dolore eirmod est eos tempor et et stet diam invidunt. Ut diam diam clita consetetur. Et kasd ea kasd stet eirmod takimata aliquyam vero nulla feugiat diam. Eirmod lorem at no erat ut tation kasd diam sed dolor tation voluptua ut elitr ullamcorper. Dolor erat tempor commodo et sed vero kasd elitr. Justo dolore clita ea. Et eirmod eos sit dolore ut sit accusam et nonummy augue sit sit at sit sanctus diam. Magna invidunt sed ut tincidunt liber luptatum est sit eos dolor delenit dolores. Accusam at ut accusam ea sed. Et sed sanctus ex dolores lorem.\nMinim aliquam nonumy sadipscing ea accumsan illum et kasd duo stet amet. Justo dolor lorem tation. Sed clita ipsum ipsum nibh et facilisis dolore dignissim eos et gubergren est lorem duo euismod dolore iriure diam. Et magna amet enim placerat consequat sadipscing consequat et rebum eos. Accusam ipsum lorem nobis ea sadipscing nonumy eirmod. Takimata no mazim dolore hendrerit lorem nonumy takimata kasd accusam ipsum.\nLorem eos vero iusto at duo ipsum. Labore luptatum labore at adipiscing duo nonumy dolor et. Et et nonumy stet sit invidunt et et lorem. Suscipit ipsum dolor labore. Tempor tempor et justo voluptua eu. Ipsum feugiat labore no dolore sadipscing sea takimata sanctus esse vero et dolore. Volutpat amet option accusam diam eos sed duis aliquyam amet no kasd et kasd labore takimata ipsum. Justo sed clita lorem in tempor et imperdiet sit sed luptatum velit elitr sit. Ea tincidunt duo voluptua vero diam dolor eirmod aliquyam invidunt et justo duo sanctus wisi sed. Ut eu et takimata vero quod facer vero diam est.\nFeugiat vel erat lorem autem ad euismod duo labore magna esse erat ad et consetetur euismod dolor. Rebum dolores et et justo dolore feugiat voluptua et dolor. Nulla dolor dolore rebum no sed accusam vero diam labore eirmod et sit consequat diam aliquyam. Kasd et clita voluptua diam praesent et. Rebum ipsum amet nulla ipsum sit. Delenit elitr diam no amet accusam diam iusto kasd nulla eu kasd. Invidunt autem aliquam voluptua erat diam tempor takimata. Dolor ipsum commodo accusam duo voluptua aliquyam dolor molestie magna elit nibh. Autem zzril aliquyam tincidunt at hendrerit. At sea quis accusam zzril sea dolore duo zzril amet ex rebum illum at. Eos adipiscing est minim consectetuer ut et nam zzril tempor eirmod sed amet elitr amet sadipscing. Accumsan feugait accusam ut praesent ipsum at clita kasd ipsum no iriure invidunt labore duis at iriure. Diam ipsum consectetuer at amet wisi dolor lorem duo et adipiscing sit delenit et eirmod lorem aliquyam sed. Ea vero velit exerci et stet dolores gubergren voluptua qui duis et odio elitr dolor est eirmod nisl. Justo stet elitr ea dolore ea invidunt voluptua elitr elitr vero iriure justo consetetur. Nonumy sea accusam diam no vero dolore option consetetur vero elitr sed tation invidunt aliquyam.\nEa adipiscing esse magna velit veniam takimata sea et dolor feugait ad ipsum ut aliquip lorem et. Diam invidunt diam duo erat clita sanctus aliquip duo accusam gubergren ea eos accumsan sadipscing. Nisl erat ut dolor et accusam exerci ut diam. Vero gubergren at amet ut justo ut eu amet rebum lorem elitr. Aliquyam dolor amet nonumy rebum tation magna rebum sea augue commodo vel. Aliquip gubergren duo erat et sadipscing consequat et enim stet takimata est stet tempor commodo nonumy. Iusto aliquyam ut lorem liber iusto est magna sed est et. Stet duis elitr kasd consetetur ea zzril eu sit no option nam molestie justo. Dolore labore amet stet eirmod ipsum stet et tempor eirmod labore gubergren praesent kasd sadipscing et sit ipsum. Dolor amet aliquam ipsum consectetuer eirmod zzril dolor ut vero. Sea takimata molestie voluptua dolor sed tation eos kasd. Dolor nostrud eros gubergren in molestie sadipscing ut eum et tempor nonumy nulla et. Dolor eleifend ipsum et stet sadipscing in facilisis. Stet nostrud nonumy sea placerat nulla duo vel ut magna amet diam sanctus no consetetur eum laoreet eirmod. Eirmod rebum dolores kasd dignissim in ad gubergren sed sit no sadipscing et dolores eirmod et nulla zzril erat. Eirmod dolores wisi nam accusam quod et elitr sea dolore sanctus. Accusam ea rebum. Sed diam laoreet vulputate labore gubergren eum takimata sanctus eos dolores possim dolore velit sed. Takimata nulla invidunt labore takimata dolore sit sit stet nonumy et vero.\n","publishDate":"2022-12-11T02:11:23.6618303+00:00"},{"id":5,"title":"Book 5","description":"Ex et nam stet elitr vulputate lorem sed suscipit eos. Dolore dolores sit wisi justo sit laoreet eros amet kasd erat mazim elit takimata eu sed consequat voluptua. Gubergren vero eirmod ea clita in. Accusam dolore lorem iriure dolor ipsum takimata sit. Ea sed et et vero sit et sit at sea et voluptua elit consetetur sed dolor gubergren dolor sed.\n","pageCount":500,"excerpt":"Sadipscing sit ipsum. Ut augue ut vero ea labore gubergren clita wisi et ullamcorper sit diam feugait no. Esse gubergren lorem accusam ad et voluptua vel vel invidunt voluptua justo est aliquam eos. Et dolor rebum sed stet nisl. Et vel sit in dolor ipsum sadipscing erat et nulla accusam diam erat vulputate. Rebum ipsum illum kasd lorem est commodo nulla diam consetetur amet. Consetetur eirmod adipiscing vulputate. Diam facilisis sadipscing no at dolores gubergren. Ut sadipscing at magna nibh.\nRebum et ipsum iusto. Ipsum diam clita eos nulla ut nobis et vero vel tempor no consetetur est dolore at suscipit. Est et exerci congue accusam labore no justo ipsum facilisi ut dolor. Ut diam dolore erat tempor consetetur illum aliquyam lorem at labore consetetur justo. Aliquyam dolore invidunt zzril amet dolore ut duo sit ut facilisi vero mazim. Consequat commodo et invidunt amet sea sanctus duis sit justo dolores consetetur et at aliquyam exerci et. Nonumy sanctus eos. Nonumy clita sadipscing. Magna duo aliquyam clita soluta. Ut et dolores ipsum lobortis eu accusam.\nSit eos ipsum dolor dolor aliquam eleifend at kasd ipsum ut et labore euismod zzril et labore accumsan. Liber nulla accusam. Diam takimata nobis duo hendrerit nonumy accumsan laoreet ea dolores accusam autem ipsum ipsum. Et adipiscing dolore sed nostrud iriure rebum. Et facilisi ipsum dolore consectetuer magna duo no accusam invidunt. Nam dolore erat vulputate velit consetetur dolore nonumy et id labore clita. Nostrud eum duo sed ipsum vero et tempor sit no. Et gubergren quis diam erat dolores nonumy at aliquyam dolor lorem eos. Voluptua ea amet elitr et magna et nonumy. Ea sadipscing quis vel. Vero ipsum dolor consequat sed tempor odio dolores ut accusam. Sit invidunt consequat facilisi amet lorem justo ipsum vero dolor sea tempor ipsum ipsum aliquyam no. Nonumy aliquyam stet elit soluta rebum lorem kasd diam amet eum tempor at vero sit takimata. Soluta justo no. Consetetur suscipit amet amet aliquyam amet vero nonummy ut sed diam erat iusto labore invidunt amet. Sea amet nam mazim ea lorem doming ipsum nonumy et blandit at dolores lorem sadipscing vel elitr eos aliquyam.\nAssum gubergren labore at sit accumsan sadipscing amet sea aliquip takimata sadipscing takimata lorem in lorem amet. Doming sanctus vero erat quod et. Voluptua velit et lobortis magna aliquyam. Sed dolor dolores lorem et praesent ut. Vero invidunt dolor et ut tempor clita facilisi sit est justo sit diam suscipit. Nisl duis doming et lorem no no no facilisi ipsum. Assum ut vero clita. Nonummy labore sit erat ipsum voluptua ut. Laoreet eirmod placerat eirmod et dolor facilisi. Dolor sadipscing rebum sea liber ea no kasd ipsum dolore no hendrerit sit. Et et sea feugait aliquyam. Duo ipsum voluptua.\nMazim clita amet et sit nonumy illum magna tempor consetetur iusto et. Ut sit diam nulla erat elitr aliquyam ipsum consequat vulputate esse kasd dolor eos et amet consetetur. Sed tempor ea labore vero sed elitr ut elitr in kasd consetetur. Dolore molestie duis diam eirmod eum. Justo consequat minim iriure justo ipsum voluptua erat. Vero invidunt feugiat est et elit diam dolor tation minim dolor magna ea eirmod. Labore sit stet invidunt nulla. Volutpat voluptua et consequat aliquyam amet diam enim amet dolor diam. Sed erat invidunt volutpat ipsum lorem et duis erat takimata duis lorem et dolor blandit laoreet molestie ullamcorper hendrerit. Dolor ipsum voluptua magna ipsum euismod ipsum accusam tempor et liber dolor in erat elitr delenit elit. Sadipscing tempor et.\n","publishDate":"2022-12-10T02:11:23.6619003+00:00"},{"id":6,"title":"Book 6","description":"Et lorem ut. Consetetur ipsum blandit hendrerit vero nam et accusam dolor elitr magna consetetur sea sit. Diam luptatum ea ipsum eos congue quis stet et luptatum exerci ut sea esse enim. Stet hendrerit no consequat takimata zzril vero sed ut takimata feugiat nisl stet vulputate dolores duis facilisi. Labore magna odio ipsum ipsum sea nisl aliquyam veniam sea lorem consetetur dolor aliquam eos adipiscing vero sadipscing. No justo at no magna ut facilisis lorem at justo ipsum consetetur invidunt. Ut aliquyam eirmod est consetetur dolores sit ipsum lobortis et. Et lorem elitr sit duo sed est eirmod feugait sit dolor ut no ea nostrud et. Vulputate rebum ipsum sanctus lorem lorem nulla dolor stet autem gubergren sea stet lorem at. Dolor sadipscing et. Dolor possim eirmod tempor sed et dolor vero eirmod at amet ut dolor ipsum. Vulputate dolor commodo autem kasd sanctus consetetur dolor diam aliquyam lorem dolor dolor clita consetetur et eum.\n","pageCount":600,"excerpt":"Iusto elitr lorem dolor sit sea et duis vel dolor sit ipsum. Minim magna nam suscipit ipsum amet et stet dolor illum et odio hendrerit sea sanctus voluptua at diam. Nostrud ut erat sadipscing accusam. Clita rebum amet ipsum nobis eirmod accusam lorem. Sea lorem duo sea dolor ut. Vero tation erat sadipscing consetetur rebum sit duo. Diam sanctus sit ea est illum. Tempor diam aliquam. Takimata ipsum gubergren. Ipsum at ea sit no dolor et. Sanctus in justo sit labore enim sit dolore lorem. Vero consequat consectetuer. Consetetur ipsum consectetuer consetetur vero aliquip dolor stet est sit nonumy te sit ut tation. Sanctus nobis eos in ipsum et aliquam enim et dolore clita sit amet facilisis justo duis in sed sadipscing. Dolor takimata esse. Voluptua vero sea ipsum et diam ut sed esse minim sanctus justo. Velit lorem in dolor nam lorem qui commodo est. Ipsum duo labore dolore. Ea et dolore dolor kasd possim ut dolores labore dolores sed amet ea dolor amet aliquyam et.\nDiam nonumy lorem et clita et molestie. Lorem quis nonummy illum sit sit vel sed sanctus invidunt. Invidunt at vero ea takimata lorem exerci dolore sadipscing et in sed accusam diam erat dolor sed quis sed. Ullamcorper est lorem id in erat. Ipsum eirmod tincidunt. Est et eos tation sed iusto eleifend amet nulla esse aliquyam diam. Erat no lorem sed at stet amet praesent ea. Molestie elitr feugiat elitr labore amet ipsum nibh amet sadipscing. Ipsum sed ut gubergren magna amet dolore laoreet dolore. Eos diam facilisis ea veniam ipsum sed sit gubergren. Ea nostrud duo in ut nonummy at feugiat vulputate labore dignissim vulputate tempor sed sed amet sed clita ea. Nonummy eu liber liber takimata ut takimata facer sit consectetuer. Et et lorem exerci tempor duo erat clita feugait diam wisi tempor elitr takimata voluptua sanctus lorem lorem sit. Luptatum feugiat voluptua sadipscing lorem ea dolor et lorem. Duo ipsum labore duo dignissim elitr consequat nostrud dolore at labore sea amet et. Et ipsum sit esse sit justo justo est magna consectetuer. Elitr enim qui diam erat mazim feugiat at.\nDignissim dolor eirmod est. Accusam lorem et takimata. Sed sit et. No dolore diam erat labore nulla dolor kasd sit voluptua. Quod veniam tempor. Amet et et diam diam lorem justo et diam accusam tempor diam et takimata accusam vel. Magna lorem augue. Rebum dolore nam diam takimata ipsum dolor vero odio dolor sit soluta diam voluptua exerci. Mazim sanctus justo ipsum erat et zzril. Et amet quod sit dolor zzril duo. Eos ex sed enim et. Exerci nonumy aliquyam ad veniam vel dolor sadipscing duo nonumy accusam nulla nonumy lorem diam vulputate sanctus tincidunt consequat. Aliquip kasd consequat consequat illum nisl eum veniam sadipscing kasd est tempor. Magna dolore dolor amet sadipscing tincidunt amet sed sadipscing in sit ea dolore lorem stet stet rebum et. Dolor iriure dolor aliquyam nonumy lorem eirmod nonumy amet minim kasd ipsum voluptua.\nSanctus sadipscing dolore amet quis feugait eum iusto dolore et ea. Ea sanctus ut suscipit volutpat sanctus. Consetetur rebum est. Velit iusto kasd diam et feugiat quis qui kasd consetetur erat duis amet dolor sit praesent vero in. Gubergren feugait lorem consetetur. Diam velit erat lorem option tation sed vel sea invidunt justo takimata sit ut sanctus erat lobortis. Voluptua amet clita accumsan gubergren ea eos ad voluptua et takimata velit eirmod elit diam lorem eos. Duo soluta amet sit erat sanctus dolores sea duis consetetur diam et sea erat liber. Vel gubergren eros sadipscing tempor takimata dolor vel diam amet ea aliquyam. Clita duis augue minim iriure. Magna at eirmod accusam rebum sadipscing sanctus et placerat clita vero no sed diam at sed no et. Et stet eirmod ipsum sit te eu aliquyam et dolore adipiscing sit diam praesent. Ipsum sanctus stet. Eirmod in hendrerit ipsum eirmod commodo ipsum augue ea feugiat at sed in nulla quis aliquyam eos. Ipsum dolore justo rebum nostrud. Dolor hendrerit elitr amet. Dolor et magna.\nErat diam nulla suscipit tincidunt clita sadipscing eirmod sanctus eirmod duo aliquyam. Velit sit facer aliquip duo sed lorem suscipit sed sed illum consetetur nulla quis esse aliquip consequat. Facilisis molestie sed kasd eos. Velit sit elitr sit feugiat est amet eirmod nonumy diam est est et sed erat volutpat. Sit illum consequat. Aliquyam justo ut sadipscing ipsum facilisis labore. Sit vero accusam. Cum aliquip ut at diam et augue facilisis sanctus. Delenit euismod ullamcorper suscipit in praesent et duo no dolore. Ipsum kasd nobis nulla sed. Lorem sit suscipit nisl justo. Nonumy dolore ex takimata tation nonumy diam dolores sed erat sit sit ea et iriure. Diam accumsan ea elitr rebum tempor veniam tation duo dolores vero vero dolores. Dignissim invidunt lorem dolor amet facer duo assum erat dolore et quod facer hendrerit invidunt. Et in sed accusam lorem et stet sit dolore voluptua diam duo dolore. Magna esse et sea labore justo voluptua sed illum magna diam rebum eu est vero ea dolores et. Ut nibh sed volutpat sed tempor nonumy est diam et dolore ut consetetur velit sit nonumy kasd sadipscing rebum.\n","publishDate":"2022-12-09T02:11:23.6620258+00:00"},{"id":7,"title":"Book 7","description":"Consetetur nonumy amet vero consetetur et est sed laoreet consetetur. Diam ut diam takimata erat. Facer commodo dolores amet consequat takimata diam lorem amet et illum ea amet et kasd lobortis dolores euismod. Eos est exerci aliquyam stet dolor takimata stet soluta accusam id rebum molestie ea sadipscing autem labore rebum aliquyam. Ipsum eirmod et ut no dolor nulla. Aliquyam ipsum esse magna gubergren et et at et amet autem consetetur ut ipsum vero et liber. Lorem sea aliquip. Dolore molestie sed vero erat accumsan diam elitr et eirmod lorem sit eos dolore. Nonumy zzril gubergren ea dolor. Sanctus justo dolor dolor ea lorem amet. Invidunt velit rebum elitr amet esse et sed volutpat et dolore vero. Qui duo sed sit clita cum et rebum accumsan luptatum assum laoreet eum suscipit diam duo ipsum kasd no. Sed odio lorem takimata sea et ut invidunt dolore ipsum invidunt eirmod et sed.\n","pageCount":700,"excerpt":"Molestie dolor feugait consetetur elitr. Dolore vero nulla sadipscing rebum ut illum eum iriure et delenit lorem vero gubergren aliquyam invidunt sadipscing suscipit. Takimata et doming dolore justo amet dolores possim sit amet suscipit sit. Duis ipsum ipsum vero sit tempor tempor et suscipit diam ut zzril tation wisi dolor iriure in elitr.\nEt suscipit et elit nonumy ipsum dolore sed tempor. Clita veniam no et sanctus lorem dolore ut stet vero vero vulputate est nibh luptatum amet dolore et. Aliquyam at est eirmod dolor ut duo vero eos ipsum eum et diam. No nisl consetetur.\nDolor rebum elitr takimata sed aliquyam ut sit stet diam feugiat dolores tempor et ut. Et sed vel et rebum accusam eos no duo amet dolor. Esse duis exerci vel at nonumy ut at dolor sanctus labore. Sadipscing ipsum sit diam vero enim amet duo takimata dolor et duo dolores assum sea augue lorem amet aliquyam. Ipsum amet est stet gubergren volutpat dignissim takimata. Justo magna rebum et rebum. Sea iriure et stet stet stet eirmod sadipscing justo diam volutpat rebum sadipscing at et. Option nisl nonumy. Erat ut rebum diam duis duis kasd dolore clita diam. Ipsum ipsum nonumy ut tincidunt lorem accusam. Voluptua rebum dolor no dolor diam. Sit tation nisl et elitr sed augue diam stet sadipscing duo takimata dolores lorem. Gubergren aliquam consequat dolor dolores congue sit ipsum et lorem invidunt.\nSanctus stet et ea feugiat ipsum no sed ea rebum velit dolor dolore eu odio rebum est rebum. Rebum dolore gubergren et. Est clita diam. Facilisis odio labore. Sit no rebum nonumy congue tation sed et lorem stet magna sed erat. Delenit rebum dolore dignissim sanctus nonumy ipsum kasd. Et rebum dolore dolor erat vero et ea et. Takimata amet esse hendrerit eos dolor eos lorem quis dolore diam autem iriure. Sed dolore gubergren sea dolor dolore. Dolores kasd justo et feugait amet sed voluptua vero gubergren et aliquip magna. Lorem feugiat diam ad gubergren sadipscing hendrerit.\nEa lobortis sanctus sanctus congue rebum at nulla duis. Nonumy minim ut dolore ut ea in. No lobortis at aliquyam labore et justo et eirmod ea ea volutpat voluptua sed dolor ipsum aliquyam. Sit at ipsum iriure. Sed dolor magna et eirmod eu gubergren et kasd odio delenit consectetuer nisl ut aliquip et ipsum ea. Et exerci amet dolores dolor duis sit ea dolor duo consetetur. Aliquam sadipscing dignissim quis commodo sit. Diam takimata no tempor rebum ipsum ut et. Justo euismod sed magna consequat. Vulputate sed sit et diam congue duo ipsum dolor kasd cum.\n","publishDate":"2022-12-08T02:11:23.6620937+00:00"},{"id":8,"title":"Book 8","description":"Ipsum at et invidunt quod elit rebum euismod exerci gubergren voluptua molestie sit velit ut ipsum sed ea dolor. Et adipiscing at dolor justo at vel rebum nisl. Sit ipsum est et voluptua takimata sed nonumy ipsum takimata invidunt zzril et nisl molestie sit et vel. Sadipscing sanctus ea consequat at accumsan est justo invidunt est diam vero gubergren nonummy justo eos sanctus consetetur. Labore justo qui eirmod gubergren sit veniam diam facilisi dolores.\n","pageCount":800,"excerpt":"Nonumy accusam sea clita mazim dolores erat clita elitr et velit facilisis sit no lorem. Et vero ut. Et illum elit et eos delenit. Et rebum sed augue facilisis tempor dolore erat. Adipiscing et vel dolor rebum accusam elitr et. Lorem sit sit iusto vero amet nonumy iriure ut in eirmod wisi amet at. Labore erat et aliquyam accusam dolor vero. Accusam amet vel dolore nonumy dolor wisi amet justo doming takimata laoreet nisl zzril. Nostrud ut sadipscing ut exerci sit erat nonumy stet nonumy. Elitr takimata rebum takimata dolor et stet kasd molestie. Augue consetetur no tation. Dolor velit nulla eirmod diam diam duo kasd. Duo aliquip et tation clita kasd liber labore aliquyam duis sea elit laoreet ullamcorper sed sit odio ut. Sea lorem facilisi et rebum elitr accusam rebum magna dolor et takimata ea kasd elitr labore accusam et. Est invidunt nonumy et eos delenit nulla elitr invidunt sed stet. Ut est sit sit nulla stet veniam sadipscing est in sit erat quis euismod dolor facilisis ipsum. Liber magna blandit rebum lorem duo rebum consetetur tempor et ut sit. Rebum dolore lorem sit et et kasd erat luptatum ipsum justo justo. Et lorem assum vel dolore.\nEos dolor erat adipiscing diam ullamcorper consetetur diam nonumy veniam rebum possim ut. Diam invidunt dolores accusam velit justo blandit dolore lorem tempor vulputate vero aliquyam aliquip consetetur sadipscing magna gubergren ipsum. Possim tincidunt et magna ea stet dolor et lorem invidunt dolores at eros velit at est. Sadipscing clita at erat in voluptua adipiscing aliquyam dolores accusam eum dolor elit accusam. Elit sit stet eu clita eirmod sit augue tempor eirmod dolor sed exerci dolor. Sadipscing erat te sit labore euismod invidunt amet tempor voluptua aliquyam diam sit sadipscing. Dolores dolore consetetur invidunt lorem nonummy ullamcorper vel aliquip sadipscing vel invidunt sit ut. Luptatum vero stet accumsan diam te iusto amet et te aliquyam dolor duis. Praesent ipsum justo dolor autem at vero. Ipsum et veniam no. Veniam consetetur ut ipsum nisl elitr takimata. Ex dolor consetetur sed no sit. Labore ipsum wisi consectetuer amet lorem dolor vel sed sea delenit ut eirmod consetetur autem clita ullamcorper elitr. Ipsum lorem amet vero sed dolores et iusto eirmod qui liber erat ea sit consectetuer. Volutpat stet stet amet consetetur dolor diam accusam consetetur ea lobortis sit elitr illum sanctus sed magna velit eirmod. Et lorem dolore vero consequat ut et. Gubergren et erat sit ipsum clita gubergren vero lorem et sed et takimata invidunt eirmod no est sea.\nVero duo accumsan est labore at diam dolor sed lorem no sanctus euismod et stet molestie eos. Labore sit dolor duo sit placerat consetetur diam commodo et congue eirmod. Labore sit feugiat vel tempor dolore ut at sit diam ea sea stet et clita et vero. Et autem at duis eos eos delenit et ipsum diam kasd at et amet at erat sanctus lorem et. Rebum rebum labore et dolores ipsum ipsum sea at laoreet duis vero erat diam consetetur. Justo lorem tempor dolore in voluptua dolor magna ut sed duo et tempor dolore dolor ut sed nonumy dolore. Stet sed eos takimata ut dolor feugait esse eirmod eos nulla sed. Ad et et accusam et praesent no at placerat diam sed feugiat sit ut invidunt. Erat kasd clita accusam sanctus ut clita consetetur nulla sed consequat justo lorem feugiat sit. Vulputate diam voluptua erat at clita sadipscing duo nonumy dolor voluptua dolore aliquip nisl.\nEos amet lorem ipsum accusam duo lobortis qui takimata. Et ipsum dolor ipsum et facilisis. Justo sit ea iusto et sed voluptua sea est volutpat diam. Vel nonumy accumsan aliquyam labore amet ipsum dolore nihil in sit ipsum duis volutpat aliquip eum takimata labore illum.\nIpsum et sit ea magna labore volutpat sit eos dolore eos kasd vero nulla sit sed eos molestie ut. Magna vulputate ut dolor duo et stet amet ea amet. Magna sit ipsum dolore eirmod duo et minim consequat labore. Vero voluptua amet consectetuer ut dolor ut ipsum at dolor aliquyam gubergren no sit eirmod et tempor sea. Dolores tempor dolor qui rebum stet. Tation est aliquyam stet et zzril vero vero euismod gubergren dolor aliquyam consetetur dolor dolore dolor lorem. Zzril ea labore eum et consetetur et invidunt et et dolore erat et volutpat nonummy invidunt amet assum. Consetetur accusam takimata et liber magna stet dolore est. Kasd enim facilisi consetetur velit in erat. Duo ut ea et. Ea nostrud dolor rebum ipsum dolor vero labore est vero possim nostrud diam lorem sit no dolore est. Magna et diam amet sea amet kasd consetetur sed sit. In duo invidunt duis. Eos dolore sadipscing liber labore sit ut sit sea eleifend ipsum labore lorem sit lorem. Lorem dolores consequat dolor ipsum et amet rebum dolor consetetur. Invidunt accusam et mazim dignissim et labore sit. Sadipscing takimata sanctus tempor in sed sanctus dolor no sanctus invidunt.\n","publishDate":"2022-12-07T02:11:23.6621867+00:00"},{"id":9,"title":"Book 9","description":"Nobis nisl amet quis et kasd accusam ipsum ex. Kasd amet exerci amet labore et at sit wisi magna voluptua nulla lorem vel autem et eos rebum labore. Sit kasd et at ipsum ut sit facilisis hendrerit. Ipsum facilisi duis ut dolor ipsum sed. Sit stet no invidunt sit est sit no sed. Accusam consetetur diam. Amet no et sit dolore magna tincidunt kasd duis amet elitr accumsan et lorem lorem voluptua. Ipsum takimata accumsan erat ipsum diam sadipscing at kasd dolor. Ipsum rebum at eirmod lorem erat no hendrerit eu.\n","pageCount":900,"excerpt":"Ut justo praesent dolor clita velit ipsum sea facer odio eirmod justo clita est ad nonumy lorem vero dolor. Ipsum erat nonumy. Possim lorem dignissim vulputate rebum elitr option nonumy ipsum lorem nobis nonummy.\nOdio accusam duo in vel gubergren dolore enim consequat. Eum no dolore eirmod sit sanctus dolor rebum. Gubergren clita labore nulla elitr exerci sea ipsum nostrud no esse et nulla labore accusam sed.\nVelit ea facilisis et magna diam ut vero. Euismod eu congue justo iriure et iriure sanctus invidunt et at. Gubergren ea suscipit ut stet takimata voluptua consetetur in amet feugiat invidunt vero sea at. Est dolore et at consequat amet amet eos illum duo invidunt ipsum.\nKasd consectetuer eu veniam ea dolor dolor clita qui consectetuer aliquip. Diam nonumy rebum vero nulla molestie in et eu accusam duo consetetur sadipscing lorem dolor est zzril gubergren. Eum et amet dolore lorem at. Sanctus sed diam clita aliquyam ea accusam est esse ea sed stet eos dolor commodo amet diam. Eirmod dolor ex invidunt tempor magna magna ipsum dolores sed diam no accusam rebum sea tempor erat ut. Sed invidunt eos rebum clita et. Stet hendrerit zzril et magna stet elitr nonumy amet kasd sit accusam amet stet lorem voluptua. Elitr elit justo lorem sed sit magna adipiscing lorem. Sadipscing ut sadipscing. Lobortis in tation nonumy ea et dolor dolor voluptua lorem. Consequat duo kasd consetetur magna. Eum tempor vero takimata ea nonumy et et no dolores eros amet consetetur dolore consetetur invidunt.\nAt accusam et blandit diam veniam facilisis lorem. At sed facilisi et consequat rebum est sit at eirmod et sit. Sadipscing illum clita clita gubergren justo ut amet tempor ipsum stet vel. Consetetur sea facilisi ipsum magna diam lorem voluptua vero dolor kasd ut nonumy stet magna sanctus sed sed takimata. At diam kasd. Sed in sed in lorem dolor ea kasd voluptua dolore voluptua dolor eleifend et. Est vulputate sit tempor dolor. No no est elitr at quis magna ea consetetur nam aliquyam et nonumy. Iriure vero duo duo ea sadipscing dignissim elitr erat. Amet minim lorem dolore consequat facilisis et feugiat tempor magna gubergren. Tempor nonumy adipiscing vero minim clita eos at voluptua. Invidunt ipsum eirmod dolor et dolor at sit consequat autem ut vero aliquyam diam ut. Sit no sea elitr lorem labore vero sit no possim in aliquyam. Velit delenit dolor erat eum lorem amet in dolore nonummy consetetur tempor imperdiet eros vulputate nihil duo amet et. Consequat consequat diam eu sanctus rebum diam diam kasd ipsum dolore elit dolore et dolor. Lorem ullamcorper wisi lorem magna et takimata duo et magna. Iusto vulputate et no sadipscing stet takimata elit sadipscing minim est sit justo velit voluptua nam dolore.\n","publishDate":"2022-12-06T02:11:23.6622457+00:00"},{"id":10,"title":"Book 10","description":"Vero eirmod volutpat vero diam eirmod sed ea at ipsum kasd gubergren ex duis feugiat dolore ut tempor. Clita sadipscing sed clita est consetetur ut et est tation et dolores eros tempor. Consetetur dolor tation et sanctus. Accusam ipsum diam facilisis tempor no. Congue imperdiet option sanctus duis invidunt et nisl amet facilisi duis dolore et no lorem diam diam elitr eu. Augue accusam dolore dolore augue. Facilisis labore et. Ipsum sit et diam ullamcorper et iriure at clita et labore invidunt. Justo gubergren dolor ut imperdiet eirmod dignissim vel est ea adipiscing at invidunt adipiscing sea consequat te dolores takimata. Kasd clita sadipscing et sit lorem nonumy delenit sit velit sit qui dolor facilisis sadipscing vero nobis magna praesent. Sanctus euismod amet duis. Magna ut nisl diam amet eleifend et nibh et accusam. Aliquam esse nonumy erat voluptua duo aliquip et nibh lobortis aliquip ut no. Sadipscing hendrerit sit ullamcorper elitr ea delenit ut eu justo. Eos gubergren consetetur lorem tation ipsum. Sed veniam accusam no et lorem sadipscing sed takimata ea magna nulla tempor magna amet vero sea. Facilisis nulla congue sanctus dolore voluptua magna nonumy ea elit et rebum. Elit dolore consetetur consetetur erat sea stet molestie et aliquyam kasd dolore ipsum invidunt eos sanctus.\n","pageCount":1000,"excerpt":"Autem aliquam diam sit amet vero. Iriure et ipsum laoreet est takimata erat sit. Ad sed ipsum accusam lorem erat. Illum eirmod lorem eleifend aliquip sadipscing sit augue eirmod dolore dolores sit diam sit magna. Diam ullamcorper ut no stet dolore voluptua tincidunt illum vero dolores et voluptua. Amet eirmod magna elitr justo est invidunt kasd nulla ad dolore dolor lorem et vulputate placerat et. Voluptua luptatum amet. Consetetur sadipscing voluptua voluptua in dolores ea ipsum est ut. Ea sadipscing sed lorem dolore labore tempor at lorem dolore invidunt at duis nihil et facilisis et.\nErat eum aliquyam iriure sit eos lorem. Duo eu sit sit dolore et amet et vel sea consetetur dolore clita at id. Eos voluptua vel kasd aliquyam dolor sed ipsum nulla. Diam sit iusto zzril et est elitr invidunt clita clita consetetur blandit facilisis rebum amet dolores. Duis erat aliquam gubergren dolor takimata eirmod. Lobortis facilisis feugait ipsum veniam kasd sit. Et vero dolore ut esse kasd eirmod sea molestie velit rebum magna iriure consectetuer ex in. Gubergren eirmod liber autem et consequat vero ipsum. Ipsum diam consetetur sed erat kasd sit et minim gubergren sea in nonumy ipsum lorem sea dolor lorem. Sadipscing blandit sadipscing enim hendrerit dolore amet est elitr iusto amet at clita dolore lorem amet et rebum justo. Kasd ut sadipscing sit amet amet magna ea sanctus. Duis dolore diam ipsum labore consetetur dolor quod invidunt dolore diam dolores sit ut luptatum ad. Lorem sed vero amet tincidunt lorem erat iriure takimata amet praesent et iriure velit aliquyam aliquam. Et iusto dolores ullamcorper et dolor et congue takimata. Elitr amet ea sanctus nulla in labore ea kasd consetetur soluta duis aliquyam vero.\nEros clita consetetur accusam voluptua ipsum amet clita justo eos. Iriure erat diam tempor stet sed sed. Lorem invidunt dolore ea possim facilisis duo vulputate amet dolor tempor sit. Nihil sadipscing et praesent et dolore vulputate vero gubergren accusam takimata et possim clita erat rebum ea. Justo aliquyam sanctus vero at invidunt ut gubergren sit sit blandit est dolore diam sea et vulputate in accusam. Et lorem sed dolore dolore invidunt vero dolore amet justo sed amet. Aliquyam consetetur euismod. Diam justo blandit invidunt duo consectetuer et magna. Dolor erat ut dolore nonumy ut sea et et dolor dignissim liber eos takimata accusam lorem eos ipsum.\nErat erat est sit diam vero diam sit at sit zzril et at sea tempor duo. Nam et diam amet eirmod sanctus dolore vero takimata invidunt facilisi congue eros sadipscing augue eleifend. Ut et eirmod ipsum eos et eos ut no voluptua eos sanctus erat stet dolor assum blandit wisi sed. Lorem velit sit luptatum ea ex congue elitr consetetur. Erat accusam ex at. Gubergren delenit ipsum dolore nostrud sea labore nisl voluptua nonumy erat kasd molestie consequat lorem luptatum. Ipsum dolor eirmod lorem elitr option dolor dolores eros dolores dolore consequat ut molestie sea dolor facilisis. Consectetuer aliquyam diam ut accusam. Et clita lorem sed ipsum et dolor tempor enim takimata ea rebum amet magna. Tincidunt sit gubergren nobis no at aliquip dolor duo dolor erat nibh ut ea ut invidunt at gubergren tempor.\nFacer exerci ipsum tincidunt et et ea duis magna et. Sadipscing erat nibh in et amet commodo ex vero. Amet sadipscing blandit augue iusto ea elitr ea ut vero. Ea delenit erat dolore invidunt sit vel et sit eos dolore voluptua tempor zzril. Clita lorem et rebum aliquyam lorem no augue.\n","publishDate":"2022-12-05T02:11:23.6623292+00:00"},{"id":11,"title":"Book 11","description":"Aliquyam dolor sanctus sed ipsum sit et kasd voluptua. Et doming nonumy takimata feugiat sit vero augue lorem sed invidunt liber luptatum kasd diam et consetetur et dolore. Hendrerit dolore kasd no dolor te et aliquyam ea lobortis ea eirmod sit. Et dolores takimata aliquyam magna justo nonummy diam ipsum magna rebum. Minim et ipsum aliquyam eum. Vel ipsum sed ut voluptua sadipscing accusam at et sadipscing delenit. Tation vel vulputate sed. Consetetur dolor ipsum invidunt. Et odio nonumy gubergren lorem hendrerit ut vero et et amet et consetetur gubergren. Aliquyam magna esse elitr voluptua sadipscing vel id dolor eos et ut. Volutpat id et vero sit ad te enim elitr amet eu autem amet ipsum voluptua at sed diam. Justo et magna lorem. Lorem duis et accumsan. Sadipscing sanctus eos dolore sanctus consequat feugiat accusam et diam sed erat et invidunt clita. Ipsum et option ullamcorper elitr duis consequat eirmod velit erat nibh minim sed no ipsum dolor imperdiet dignissim takimata. Et tempor ipsum. Eirmod eirmod ipsum vel elitr sed at et dolor ipsum et diam invidunt ipsum. Consetetur et ea dolor takimata est invidunt sadipscing sea in magna dolor dolore lorem no gubergren nonumy nonumy eu.\n","pageCount":1100,"excerpt":"Possim zzril dolor eum. Sit amet ea voluptua amet. Velit adipiscing tempor. Rebum sadipscing sed nulla invidunt enim diam diam iriure illum et amet est. Stet duo molestie exerci adipiscing. Invidunt et et aliquyam iriure at elit in eros voluptua. Amet magna at dignissim eos laoreet dolor. Clita suscipit eos at clita ipsum no eos iusto magna justo duo ea sea elit eos justo. Dignissim hendrerit kasd soluta stet laoreet blandit no ut magna tempor sit erat dolor veniam ut. Aliquyam duis eirmod amet duo et consetetur erat sed imperdiet eirmod hendrerit. Nihil dolore invidunt invidunt facilisi labore. Amet facer ipsum aliquyam. Eos feugiat labore amet ea facer dignissim commodo voluptua sed nonumy justo invidunt rebum in.\nLaoreet sed adipiscing ea tempor exerci duo dolore takimata kasd eos amet dolor consequat. Sea eos kasd erat feugiat lobortis esse eirmod accusam diam sea invidunt gubergren dolor ut sed duis sit. Aliquyam vero et molestie duo. Rebum et takimata lorem te stet et amet gubergren laoreet. Labore et euismod magna at et dignissim no aliquyam lorem dolor. Sanctus quis clita sit nam praesent vulputate dolor et et. Takimata dolore nibh et ipsum ad dolore dolor. Diam ipsum iriure et dolores et kasd kasd augue nonumy elitr feugait duis sanctus aliquip gubergren vel et. Nulla in sanctus diam vero est et ea commodo takimata tempor ut te sed consetetur lorem. Labore iriure sed ad quod ut eos lorem velit nonumy accusam nulla ea dolore lobortis et. Te et et zzril lorem tempor ut et nonumy dolore quod ullamcorper voluptua labore no. Dolores labore vero vulputate et diam dolor et dolores ex dolor placerat in iusto et mazim sed consetetur. Et no hendrerit tincidunt sed clita ea diam sit in vero duo duo duis et iusto zzril elit. Quis tempor consequat diam ut gubergren dignissim. Labore accusam nisl dolor justo lorem diam zzril labore sit dolor feugait consetetur. Erat feugiat dolore dolor kasd lorem vel lorem duo soluta diam consetetur euismod. Aliquyam et dolor.\nFeugait no hendrerit ut magna et praesent molestie aliquam voluptua dolore. Vulputate nulla sit dolore est eirmod accusam ut invidunt. Aliquyam lorem et doming dolor et volutpat sed laoreet et et ex sanctus ipsum labore erat commodo accusam. Erat ipsum takimata duis dolore lorem diam labore dolor dolore gubergren. Et ipsum erat elitr magna. Et feugiat accusam soluta ut diam dolore accusam voluptua. Congue gubergren takimata in congue est. Nulla praesent enim velit voluptua sea nonumy rebum invidunt. Vero sanctus kasd sit. Clita feugiat illum justo consetetur. Eos congue ullamcorper duo eu sadipscing tation diam zzril eu elitr gubergren. Autem justo clita gubergren consetetur et eu sit tempor veniam vel aliquyam clita. Liber amet at gubergren dolore labore in est sit ut sit nonumy erat enim labore diam dolor. Sanctus suscipit aliquyam consetetur sed sea dolor velit no veniam labore et elitr labore quod duis sit. Consetetur soluta praesent dolore diam ipsum stet quis enim voluptua diam vulputate aliquip minim et sadipscing eum. Zzril tempor justo. Ut dolores iriure accusam nonumy dolor clita duo amet rebum et eirmod eos stet justo esse. Amet tempor lorem in justo tempor et sadipscing eos eos esse amet accusam vulputate lorem. Vero lobortis invidunt duis enim aliquyam facilisis amet accumsan tempor nostrud ipsum nisl.\nConsetetur labore sadipscing sea diam at soluta sanctus ullamcorper ipsum. Sadipscing clita gubergren clita ipsum vel diam eirmod erat nonumy suscipit ea amet nonumy ea sanctus. At quod est magna esse nam sit sea elitr et nostrud ea voluptua illum nisl. Elitr lorem dolore nonumy sadipscing eu ipsum vulputate duis. Ipsum sit duo odio vero voluptua adipiscing. Dolor hendrerit at accusam feugiat no ut dolor aliquam stet diam eirmod sed magna eu nulla nonummy. At aliquyam eirmod ut ut lorem ut et ea ut molestie amet duo et ut facilisis diam eum ullamcorper. Nisl autem duo at ad ea possim clita et dolor labore et elitr veniam rebum voluptua est magna consetetur. Diam rebum takimata aliquyam ut amet sed elitr est lorem lorem dolores ipsum et takimata magna vero. Nobis kasd sed lorem sit amet tempor vel. Autem dolores enim voluptua diam ea amet eos est est sed. Clita tation dolor congue erat ut duo qui vel erat ipsum at sanctus voluptua facilisi clita. Dolor et dolores liber nonumy hendrerit at et rebum et ipsum. Wisi feugiat elitr illum ut delenit sadipscing vero clita stet magna. Stet iusto autem ipsum sit gubergren no placerat eirmod rebum at. Possim vel amet invidunt iriure dolor feugait dolore lorem qui vulputate augue sanctus accusam. Vel erat et accumsan ipsum eos et. Erat at et praesent vero stet sit nulla esse sit stet suscipit vel kasd iriure dolor elitr et iriure.\nSed autem sit et et clita feugiat facilisis esse rebum praesent eirmod eos dolores. Et diam diam voluptua dolore kasd ea aliquip sit sadipscing diam accusam eum ipsum. Invidunt et eos rebum dolor esse duo invidunt diam et aliquam consequat dolore. Esse diam at voluptua eos sanctus vero magna. Stet sanctus et laoreet dolore tation tation est sadipscing tation ad eirmod no voluptua iriure odio dolor invidunt labore. Delenit dolor sit sit dolor dolor tempor dolor sit. Tempor accumsan duo esse esse. Sit vero facilisis ut amet accumsan dolores dolor nonumy vulputate. Stet erat et justo tincidunt erat stet et duo. Dolore dolores luptatum augue erat veniam aliquyam quod amet quis et.\n","publishDate":"2022-12-04T02:11:23.6624469+00:00"},{"id":12,"title":"Book 12","description":"Lobortis justo sit eu lorem vel eirmod. Eum amet eos kasd autem vero sit lorem eos tation lorem invidunt dolore stet amet in. Eu elitr consetetur invidunt no ut et elitr iriure amet lorem lorem magna amet. Vero sit dolores in nisl diam no stet gubergren dolore. Augue laoreet labore lobortis exerci kasd no luptatum et lorem amet nostrud vulputate. Stet nulla magna tincidunt liber lobortis tempor dolor eum diam labore euismod sed no aliquam sit. Dolore kasd amet vero ea qui elitr dolor at et sit in et duo duis labore assum et. Ea eos erat praesent diam minim labore elitr exerci justo facilisis diam accusam dolore consequat et. Et stet duo sed est stet est lorem erat labore stet.\n","pageCount":1200,"excerpt":"Kasd sea elit diam takimata elitr ipsum et diam kasd eu lorem stet rebum dolore eirmod dolores. Elitr ut ea enim dolor clita aliquyam at dolore. Illum vel et nisl lorem vulputate. Accusam ullamcorper ut diam tempor magna minim rebum stet duo diam sed. Sed amet vero feugait quis lorem sed quod accusam diam elit at est aliquyam sed volutpat duis.\nSanctus est dolor nulla facilisi invidunt et et velit ut sed et eirmod laoreet. Lorem et ut. Liber amet labore eos amet at. Sit facilisis lorem ut ullamcorper no ea sanctus zzril duo diam amet diam est feugait no magna elitr. Eirmod lorem et zzril magna lorem duo kasd aliquip sed et illum quis eleifend gubergren sadipscing sed erat. Stet voluptua sit cum. Veniam dolores sit at erat.\nFacilisi eu facer sed clita molestie dolor dolor eos dolore euismod minim te nonumy accusam. Justo volutpat voluptua et aliquyam invidunt laoreet diam accumsan feugiat ullamcorper invidunt amet sadipscing erat at et dolor dolores. Dolor vel et diam nonumy. Lorem et nonumy tempor eros sadipscing ipsum dolor eos nulla accusam et sed. Diam dolore eos sea dolor stet gubergren magna vulputate eirmod tempor tempor illum. Facilisis ut dolores tempor praesent sea sed voluptua diam stet duo et ipsum eum in et nonumy. Et sit accusam velit at dolor aliquyam erat et justo no sed vulputate justo doming ea feugiat. Voluptua amet lorem et ipsum no eos et nonumy eirmod et accusam sanctus amet eos invidunt magna. Ut eros iriure stet diam sed vero nonumy labore est vero takimata et at sanctus. Clita lorem assum et diam consetetur erat ipsum sea elitr. Dolor augue consequat dolores dolor nibh labore clita sadipscing et et takimata velit stet facilisis dolores amet ut nostrud. Est dolor vel nibh clita magna dolore dolore erat tempor at ut kasd aliquyam accumsan. Ipsum labore diam est diam delenit voluptua sed stet vero nobis magna justo et. Ipsum kasd nonumy vero takimata. Quis velit tempor congue dignissim tempor quis dolores lorem vero sanctus amet ex. No sed labore gubergren tempor vel et no at odio eos at est magna sit option dolore accusam imperdiet. Sadipscing sit ea amet justo magna nonumy veniam et et accusam invidunt lorem sit sed dolor. Diam diam voluptua elitr.\nEirmod labore sit dolores nonumy amet. Eos sed vel velit ea dolore invidunt sed diam et nam labore ut sea luptatum et. Magna invidunt eos voluptua consequat nisl amet justo diam elitr no clita gubergren. Et eu voluptua eirmod ut molestie eros vel sanctus facilisis. Takimata dignissim duo rebum dolore dolore et clita accumsan. Est minim exerci quis et accusam ipsum. Nostrud ut imperdiet accusam elitr in dolor ipsum clita duis. Justo diam rebum elitr quis erat consetetur voluptua vero qui. Diam kasd ut eirmod erat. Takimata magna dolor dolor ipsum lorem clita amet rebum eirmod et delenit nisl sea diam accusam sadipscing enim. Duo illum kasd takimata.\nGubergren magna takimata. Sadipscing dolor rebum qui no ipsum rebum rebum et nulla duo. Ipsum aliquyam nibh tempor vulputate wisi. Lorem blandit dolor lorem vero ea ut ea ut ut hendrerit consectetuer diam. Te magna veniam. Sit sit lorem lorem est duo justo amet ipsum sed et erat. Magna ipsum est at exerci tation sadipscing sed. Diam ut ea rebum sed praesent accusam et. Tempor volutpat aliquyam et sea ipsum consetetur.\n","publishDate":"2022-12-03T02:11:23.6625535+00:00"},{"id":13,"title":"Book 13","description":"Molestie gubergren dolor eu vel amet ipsum accusam elitr sed consetetur dolore eos praesent elitr. Est labore sed ipsum. Est est iriure accusam sit tempor vero sit aliquyam vero lorem. Suscipit sea dolore voluptua amet erat gubergren tempor takimata ut. Tincidunt et dolor dolor magna nobis magna nonumy amet sit amet vero amet ipsum iusto magna sanctus. Sit amet sed clita kasd volutpat feugiat dolor nonummy consetetur te vero sanctus invidunt at. Dolore et sanctus gubergren ea ut consetetur. Dolor justo sit dolores justo accusam. Lorem gubergren lorem invidunt erat eos no kasd justo blandit erat sed. Sanctus accusam at ea et ut sadipscing consectetuer dolor diam est suscipit voluptua erat et. Sit erat at nonumy dolor facer voluptua clita ut facilisi takimata consetetur erat sed. Dolore rebum magna. Diam autem ut voluptua rebum no aliquyam ipsum gubergren iriure accumsan erat no gubergren dolor et facilisis. Ut sanctus erat sea minim lorem accusam in dolores clita labore et nonumy exerci eos dolor magna. Vulputate nulla sit facilisi exerci qui nisl quis eos et sed lorem ex sanctus stet. Dolor at duo vel sed sadipscing elitr nibh magna eos at dolore duis et clita amet. Amet stet sea laoreet sadipscing clita molestie rebum. Dolor eum vero aliquip elitr diam molestie vel feugiat sea. Vero ea consetetur et eirmod eos clita.\n","pageCount":1300,"excerpt":"No aliquyam aliquip exerci eos eirmod erat dolor diam. Ea commodo sed duo consequat eirmod. Et sadipscing nulla sanctus lorem dolore dolore clita ea erat magna nonummy justo voluptua sit duo stet stet. Nonumy justo diam gubergren takimata et vel consequat dolore invidunt est sadipscing sed dignissim sed at takimata duis at. Et te vulputate imperdiet clita duo.\nIriure ad diam dolores takimata. Esse sed dolor voluptua ipsum molestie dolor eum amet sit sadipscing ut lorem duis. Lorem ipsum facilisis molestie kasd dolore sed ipsum tempor ipsum euismod gubergren. Magna erat dignissim dolore est amet sanctus. Volutpat accumsan feugait in ut placerat justo amet et diam tempor delenit. Sit tempor et nihil diam sit consetetur justo dolores delenit erat esse dolore. Erat minim hendrerit dolores sit at est vel sit ut duo sadipscing. Amet delenit est et sit erat ut rebum labore sed minim sadipscing nibh et aliquam vero nam vel hendrerit. Ut sanctus praesent volutpat et dolor iusto dolor id elitr lorem sed sit magna illum diam tempor aliquyam et. Aliquyam dolor diam sadipscing. Elitr et at diam. Et et sed diam eirmod justo diam vero dignissim ut invidunt magna vulputate ea dolore ipsum aliquyam tation. Vero ut praesent gubergren rebum est rebum ut. Hendrerit wisi stet sed amet wisi ex sit. Lorem consectetuer labore clita et et dolores sed sed aliquip diam dolor. Voluptua sit sanctus diam sed ullamcorper sit erat takimata et eirmod liber labore eirmod erat labore erat facilisis.\nAutem ea est praesent stet duis te accusam sed accusam dolore sea illum kasd lorem voluptua et vero. Sit illum ut amet tempor dolores blandit clita nonumy vero no congue nihil duis nulla duis eros. Diam odio sit wisi labore clita dolor ut rebum kasd lobortis dolore nulla. Amet lorem qui feugait velit duo lobortis eu amet ipsum sadipscing sed. Dolor accusam adipiscing consetetur kasd sit in elit illum. Elitr invidunt justo illum at no. Amet justo veniam rebum molestie iriure gubergren ut stet no sit sadipscing sit aliquyam sed at voluptua. Et accusam dolor dolores erat tempor ipsum diam consetetur et dolores eirmod tempor. Exerci et amet gubergren justo qui wisi sed voluptua eros hendrerit takimata. Rebum eum sed dolor iriure consetetur dolor erat sed sit dolore diam sit nonumy consetetur. Eos est molestie magna tempor vel. Consequat facer ut gubergren eos velit invidunt sea et takimata. Ipsum ipsum stet labore ipsum ea ut eos. Duo erat est dolore exerci clita praesent no dolor est consetetur invidunt. Dolore invidunt ut et. Justo rebum sea eos. Tation est eros diam gubergren nisl. Ipsum sed feugiat te.\nVoluptua voluptua lorem no rebum consequat dolore enim ipsum at nisl qui. Et elitr duo no wisi nihil eum accusam sed sit eu erat diam nonumy sadipscing accusam et et. Ipsum dolore no in lorem dolor sanctus diam clita volutpat sea et et justo nonumy est voluptua lorem. Et dolores ea et justo invidunt at takimata vulputate. Eirmod autem gubergren et ut nulla duis sit at. Vero sit dolore nisl amet aliquip consequat sit ea diam invidunt sit vero consetetur. Sadipscing kasd sed. Et quis eu. Ut gubergren accusam aliquyam aliquyam eu augue at ut blandit dolor tempor.\nEirmod volutpat amet duis. Dolor sed ex nobis invidunt. Ea sea invidunt consetetur et diam lorem nonumy amet. Erat magna vero dolor augue. Rebum amet consetetur in amet amet invidunt iriure ipsum clita duo nonummy. Amet sea sit vulputate et aliquyam magna at quis ut et ipsum labore rebum blandit et. Veniam justo nonumy amet clita eos sed gubergren duo amet eros tempor. Nonumy voluptua vero sit lorem rebum laoreet invidunt eum mazim adipiscing lobortis sit vel sit.\n","publishDate":"2022-12-02T02:11:23.6626435+00:00"},{"id":14,"title":"Book 14","description":"Aliquyam erat iusto option nulla molestie. Lorem tempor qui lorem est esse augue sanctus in lorem velit invidunt sea ipsum sanctus aliquyam stet accusam kasd. Invidunt diam accumsan gubergren placerat dolore rebum. Sea dolore takimata labore et molestie ut sadipscing delenit facer sit eos diam. Duo eos elitr sadipscing lorem dolores sit aliquam ut labore labore vero consequat ipsum consectetuer et no. Accusam accusam clita lorem invidunt kasd delenit et et eirmod sanctus tempor dolor nihil euismod sed tempor dolor. Erat vel diam dolore in lorem suscipit amet justo lorem nulla. Et no no esse vero rebum dignissim. Sadipscing justo duo dolore aliquip diam invidunt diam accusam lorem et in sadipscing dolor consetetur dolores ut erat. Lobortis at gubergren. Diam et sit dolor ea sadipscing ex sit et dolor et erat tempor.\n","pageCount":1400,"excerpt":"Eos dolore rebum eos consetetur et kasd. Diam vero ipsum est sanctus erat at hendrerit justo. Tempor accusam takimata tation accusam ipsum luptatum amet aliquyam est possim ullamcorper justo dolores accumsan amet.\nDuo duo et tincidunt vulputate. Accumsan eos magna iusto ipsum diam et ea et vulputate rebum nostrud dolore qui. Dolore eos eirmod consetetur ut lorem sed aliquyam. Diam diam gubergren dolore ea et consequat.\nLabore et doming dolores luptatum kasd justo laoreet option et tincidunt. Quis duo invidunt kasd diam sit. Erat dignissim illum sadipscing erat sea vero luptatum ut magna et congue rebum ipsum. Dolor sit at voluptua ullamcorper. Nisl sed voluptua dolor amet et invidunt quis stet eu sed no justo adipiscing duo sit at eirmod. Vulputate justo vero ipsum stet. Wisi takimata labore laoreet. Eros in eirmod sed. Iriure gubergren invidunt commodo lorem gubergren no esse at eos voluptua sadipscing diam dolores autem et aliquam rebum. Lorem no est dolores vulputate in sit stet molestie. Dolor sadipscing consequat dolor. Est duis lorem nulla lobortis lobortis eleifend nobis diam sit dolor dolore est accusam et nibh delenit esse et.\nSed tempor accumsan sit ea feugait diam diam justo labore lorem praesent consequat magna. Lorem clita est no aliquyam sit hendrerit sed sit delenit diam erat et tempor est. Vero consequat ut amet sea diam ut ea sit lorem invidunt vel et kasd at duo sed volutpat erat. Dolor rebum et elitr amet et sadipscing gubergren dolor laoreet sadipscing volutpat ex vulputate ut aliquam duo rebum dolor. Aliquam sadipscing hendrerit odio dolore eirmod justo sea consetetur et nonumy ullamcorper consectetuer est ad sed dolore amet. Justo nisl dolores diam magna sed elitr et dolore aliquam elitr sed iriure diam minim erat eu amet. Tation et facilisi sit duo ut possim in sadipscing dolore erat lorem sea possim. Duo amet no id. Justo dolores erat ipsum. Sit et kasd amet euismod ea vel gubergren feugiat et adipiscing tempor adipiscing. Luptatum et takimata sed tincidunt et at. Rebum stet aliquyam labore et ipsum takimata autem elitr consectetuer euismod amet diam lorem. Ut nibh veniam amet duo eos et invidunt. Tempor dolores sea at. Facer erat minim duo mazim. Consetetur nibh soluta lorem kasd lorem autem takimata aliquam nulla. Sed tempor invidunt eirmod dolores eirmod. Praesent dolore ipsum ipsum eos facilisi amet consetetur id tempor zzril commodo nonumy takimata eu kasd velit lorem no. Rebum liber ut consectetuer vero ut eirmod invidunt erat tempor et kasd erat voluptua duo duis voluptua.\nDolores ipsum ut. Clita et sed sed dolore dolores sit gubergren. Enim eum magna eum eleifend et duo dolore amet consetetur et et diam eu gubergren stet. Kasd et sadipscing stet sadipscing dolor sit accusam nonumy. Gubergren ut eos molestie blandit eos minim duo dolor dolores. Facer sed aliquam ipsum diam et ut commodo. Ut feugait est. Dolores ea quod dolore diam tempor kasd vel eos feugait dolor invidunt sanctus tation elitr amet.\n","publishDate":"2022-12-01T02:11:23.6627103+00:00"},{"id":15,"title":"Book 15","description":"Nostrud eirmod sit ut augue magna. Ipsum takimata invidunt invidunt soluta aliquyam ipsum eos. Et gubergren ut kasd duis ipsum lorem sea sit accusam labore stet in te odio. Feugait nibh illum dignissim takimata ipsum delenit nonumy enim sea ea.\n","pageCount":1500,"excerpt":"Nulla rebum eos nulla duis aliquyam hendrerit euismod invidunt quis amet et. Amet kasd ex eos eos mazim rebum sed sanctus lorem. Dolores consetetur sadipscing rebum. Est eirmod sea sit labore delenit dolor ipsum et ipsum gubergren voluptua sea eleifend lorem et illum sit. Sanctus et nibh sadipscing justo vero. Diam lorem aliquyam laoreet dolor clita et diam ut aliquyam velit. Voluptua dolor dolor euismod nibh sit hendrerit.\nFeugait ullamcorper et nibh sea sit sea voluptua. Ut kasd takimata. Duo takimata ex est consetetur justo lorem option in et clita sadipscing accusam clita amet magna possim. Kasd aliquyam elitr et ea elitr eos ut tempor gubergren ad dolor duo. Illum est no dolor vero accusam sit. Elitr facilisis et justo nihil no nibh consetetur. Amet in diam no luptatum amet eos dolor. Nibh eos ipsum tincidunt lorem kasd dolor et. Dolor ut invidunt option ipsum tempor sadipscing nostrud luptatum kasd kasd consequat dolor duis. Sed ipsum amet. Sea dolore ut et sadipscing duis odio invidunt sed at 
[...]
d molestie kasd aliquam. No magna dolores placerat at et zzril autem diam eum ipsum odio vero lorem stet et. Delenit dolor sit aliquyam. Amet no clita sit eirmod sadipscing consetetur. Eos et eros doming vel sadipscing lorem dolore clita dolor invidunt dolor et vel. Nam takimata tempor iriure diam ut delenit duo wisi iriure sit ut.\nIpsum elitr ipsum elitr ut consetetur ipsum consetetur invidunt velit sit. Illum blandit dolores clita lorem no dolore facilisi accusam luptatum amet nonumy sit clita nobis vero accumsan. Duo takimata blandit et lorem consetetur minim te eos ut eos accusam eirmod ut odio ipsum dolore diam.\nDuo elitr ullamcorper. Amet commodo nonumy augue est rebum sea ea at iriure sea invidunt. No at elitr dolore aliquip nonumy sed consetetur dolores tempor dignissim mazim amet diam hendrerit nisl. Ut elitr et invidunt aliquip sea dolore erat at tempor autem magna. Consetetur sed amet et hendrerit possim dolor magna adipiscing et rebum. Sanctus sea elitr. No accusam magna et gubergren zzril.\n","publishDate":"2022-05-30T02:11:23.7092894+00:00"},{"id":200,"title":"Book 200","description":"Nonumy eu elitr sed clita ea duo. Clita at dolore exerci diam invidunt clita nonumy erat. Lorem labore est vero est sed est sanctus labore est ut dolor consetetur dolore et. Amet magna accusam ipsum takimata voluptua sadipscing no feugiat duo voluptua dolores sed sit et ut. Gubergren diam ipsum eirmod et vero duis ipsum lorem feugiat iriure nonumy ut sanctus consetetur labore et. Invidunt sea sed amet augue molestie dignissim no mazim sit amet labore wisi facilisis vero aliquam. Stet ea stet lorem voluptua est justo dolore et ipsum at consetetur accusam exerci in vero ut in eum. Kasd sit elitr justo ut facer. Accumsan est consetetur justo sit at ut sit. Labore magna labore ea et lorem takimata. Clita ipsum eirmod diam et tincidunt. Sadipscing gubergren in tempor sed lorem dolor ut justo takimata diam sed aliquam accusam no. Erat et autem ut facilisis et in no gubergren.\n","pageCount":20000,"excerpt":"Augue nibh accusam zzril duo justo magna ea qui in nostrud lorem et no ipsum sit aliquyam. Et tempor duo imperdiet option duo tincidunt blandit ut augue exerci amet facilisis dolore exerci justo eos. Enim nonumy euismod. Dolor kasd diam zzril sit sadipscing. At ipsum takimata et sed commodo dolore aliquyam et duis amet lorem eum facilisi. At ut dolor lorem sit nibh magna elitr est qui. Kasd duo rebum lorem takimata dignissim praesent amet et lorem stet hendrerit stet diam lorem dolores sea. Et voluptua accumsan et. Te enim ea invidunt magna amet dolore. Laoreet sea justo imperdiet labore lorem stet vulputate et feugiat erat elitr. At nam laoreet sed vero justo kasd quis dolor amet te est consequat. Vero rebum sed eirmod velit at tation eirmod ut dolor. Zzril duo illum minim consequat at ex sea nibh odio in dolore duis no. Accumsan clita et nonumy takimata magna autem stet clita eu stet et. Tempor enim dignissim consetetur et facilisis dolor erat ut vel sed tempor autem laoreet ut sit.\nPlacerat ipsum facilisis no in invidunt erat. Congue suscipit rebum elit consetetur consectetuer vel delenit et labore velit sit ut duo. Amet sit consectetuer lorem at. Esse clita ipsum dolores accusam feugiat est.\nDelenit dolor at possim magna ipsum lorem. Gubergren erat adipiscing amet sit accumsan. Sadipscing sed elitr sanctus dolor molestie nihil dolore quod adipiscing. Elit ipsum et sadipscing kasd labore consequat diam sadipscing magna. Sed diam laoreet nonumy ea consetetur consequat kasd eos nonummy sit ea nulla et dolores diam dolor. Elitr sanctus esse dolore tempor. Quod kasd ipsum sea et justo duo invidunt et sit amet erat amet magna. Gubergren aliquyam sit. Sed ipsum dolore commodo at accusam consectetuer diam est hendrerit rebum vel ea magna gubergren nonumy. Ipsum dolores augue at nam aliquyam accusam est. Ut gubergren amet. Sanctus aliquyam duis amet. Duo erat invidunt hendrerit magna clita ea nonumy feugiat gubergren eum ut. Et feugiat dolores elitr kasd accusam duo consequat et lorem molestie ut at iusto amet. Invidunt sadipscing et dolor. Lorem duo voluptua aliquyam amet consetetur nostrud accusam lorem ut dolore ipsum et volutpat labore sed nonumy. Nonummy justo erat hendrerit aliquip voluptua aliquyam diam rebum diam. Accusam kasd eum erat.\nInvidunt lorem stet diam ut sed amet quis nonumy dolor elitr duo kasd et. Ea cum aliquyam lorem gubergren sed soluta labore kasd minim lobortis. Aliquyam invidunt sanctus rebum doming sanctus stet lorem nulla stet sit erat labore duo. Amet consectetuer no. No at ea dolores commodo eum duis aliquyam takimata takimata zzril consetetur kasd. Sed invidunt vero feugiat eos gubergren soluta nonummy eos et erat aliquyam vero dolores ut justo. Et at elitr velit diam et dolor ullamcorper aliquyam laoreet voluptua praesent aliquyam erat. Dolore gubergren nonummy sadipscing soluta amet et et eirmod duo qui dolore takimata vel stet. Vero euismod dolor eos sit sea nonumy dolor dolor ea erat tempor accusam sed. Facilisis dolor sanctus ipsum. Amet wisi consetetur minim. Clita vero facilisis dolor ea vero et te diam et clita. Invidunt amet sanctus kasd lorem dolore eu justo eos mazim rebum nulla gubergren sit est. Voluptua gubergren vero justo rebum justo justo. Justo vel lorem lorem iusto sed aliquip nonumy ea lobortis dolor enim odio stet. Imperdiet sit hendrerit voluptua no dolor ipsum eum diam ut doming diam accusam et no sed sadipscing eirmod. Lobortis sed eos vulputate dolores aliquyam rebum erat ipsum justo nostrud qui consetetur labore. Invidunt hendrerit sed elitr sit nulla ipsum ad vulputate tincidunt at feugait elitr ipsum lorem.\nEu consetetur et. Consequat ullamcorper est consetetur dolor ea dolor labore ipsum eleifend lorem velit sadipscing tempor zzril ipsum sadipscing nam lorem. Et est te dolor dolor autem. At rebum vel dolore facilisis ex et consequat eirmod sanctus no sed ipsum amet. No voluptua lorem amet sed dolore at justo enim. Sanctus labore elitr nostrud exerci est hendrerit eirmod eirmod dolor tation nonumy aliquyam zzril magna amet consectetuer. Et dolor ipsum ea rebum sed dolores odio. Facilisi dolores ea gubergren nostrud nostrud magna est illum amet amet mazim sadipscing et sea. No rebum stet sed diam dolore eu accusam accusam nisl laoreet dignissim et.\n","publishDate":"2022-05-29T02:11:23.7093774+00:00"}]</msg>
<status status="PASS" starttime="20221214 23:11:35.967" endtime="20221214 23:11:35.986"/>
</kw>
<kw name="Set Test Variable" library="BuiltIn">
<arg>${RESPOSTA}</arg>
<doc>Makes a variable available everywhere within the scope of the current test.</doc>
<msg timestamp="20221214 23:11:35.987" level="INFO">${RESPOSTA} = &lt;Response [200]&gt;</msg>
<status status="PASS" starttime="20221214 23:11:35.986" endtime="20221214 23:11:35.987"/>
</kw>
<status status="PASS" starttime="20221214 23:11:32.956" endtime="20221214 23:11:35.987"/>
</kw>
<kw name="Conferir o status code" library="resourceApi">
<arg>200</arg>
<kw name="Should Be Equal As Strings" library="BuiltIn">
<arg>${RESPOSTA.status_code}</arg>
<arg>${STATUS_DESEJADO}</arg>
<doc>Fails if objects are unequal after converting them to strings.</doc>
<msg timestamp="20221214 23:11:35.989" level="INFO">Argument types are:
&lt;class 'int'&gt;
&lt;class 'str'&gt;</msg>
<status status="PASS" starttime="20221214 23:11:35.988" endtime="20221214 23:11:35.989"/>
</kw>
<status status="PASS" starttime="20221214 23:11:35.988" endtime="20221214 23:11:35.989"/>
</kw>
<kw name="Conferir o reason" library="resourceApi">
<arg>OK</arg>
<kw name="Should Be Equal As Strings" library="BuiltIn">
<arg>${RESPOSTA.reason}</arg>
<arg>${REASON_DESEJADO}</arg>
<doc>Fails if objects are unequal after converting them to strings.</doc>
<status status="PASS" starttime="20221214 23:11:35.990" endtime="20221214 23:11:35.990"/>
</kw>
<status status="PASS" starttime="20221214 23:11:35.989" endtime="20221214 23:11:35.991"/>
</kw>
<kw name="Conferir se retorna uma lista de &quot;200&quot; livros" library="resourceApi" sourcename="Conferir se retorna uma lista de &quot;${QTDE_LIVROS}&quot; livros">
<kw name="Length Should Be" library="BuiltIn">
<arg>${RESPOSTA.json()}</arg>
<arg>${QTDE_LIVROS}</arg>
<doc>Verifies that the length of the given item is correct.</doc>
<msg timestamp="20221214 23:11:35.998" level="INFO">Length is 200</msg>
<status status="PASS" starttime="20221214 23:11:35.991" endtime="20221214 23:11:35.998"/>
</kw>
<status status="PASS" starttime="20221214 23:11:35.991" endtime="20221214 23:11:35.998"/>
</kw>
<status status="PASS" starttime="20221214 23:11:32.955" endtime="20221214 23:11:35.999"/>
</test>
<test id="s1-t2" name="Buscar um livro especifico" line="13">
<kw name="Requisitar o livro &quot;15&quot;" library="resourceApi" sourcename="Requisitar o livro &quot;${ID_LIVRO}&quot;">
<kw name="GET On Session" library="RequestsLibrary">
<var>${RESPOSTA}</var>
<arg>Fakeapi</arg>
<arg>Books/${ID_LIVRO}</arg>
<doc>Sends a GET request on a previously created HTTP Session.</doc>
<msg timestamp="20221214 23:11:36.312" level="INFO">GET Request : url=https://fakerestapi.azurewebsites.net/api/v1/Books/15 
 path_url=/api/v1/Books/15 
 headers={'User-Agent': 'python-requests/2.28.1', 'Accept-Encoding': 'gzip, deflate', 'Accept': '*/*', 'Connection': 'keep-alive'} 
 body=None 
 </msg>
<msg timestamp="20221214 23:11:36.312" level="INFO">GET Response : url=https://fakerestapi.azurewebsites.net/api/v1/Books/15 
 status=200, reason=OK 
 headers={'Content-Type': 'application/json; charset=utf-8; v=1.0', 'Date': 'Thu, 15 Dec 2022 02:11:25 GMT', 'Server': 'Kestrel', 'Transfer-Encoding': 'chunked', 'api-supported-versions': '1.0'} 
 body={"id":15,"title":"Book 15","description":"Stet clita ut. Erat eirmod dolor nulla labore diam et dolor diam facilisis eirmod enim. Tation adipiscing elitr dolor. Clita ea amet. Sadipscing et eos sanctus dolores est ipsum amet invidunt stet est elitr. Tempor lorem eos est lorem feugiat luptatum. Amet eos justo labore possim aliquyam labore amet nulla labore consequat. Suscipit labore ut diam nisl lorem dolor labore sanctus vero no amet ipsum ipsum. Hendrerit et sadipscing sed consetetur qui gubergren vero et nonumy sit gubergren. Nonumy ipsum stet erat elit velit tempor hendrerit est eirmod erat delenit accusam nonummy lorem nonummy voluptua. Dolore dolor sit duo at et dolor eu stet rebum lorem. Praesent lorem kasd lorem lorem eos. Takimata ea mazim vero. Et sea erat. Sed tempor euismod.\n","pageCount":1500,"excerpt":"Blandit sed eirmod nonumy et feugiat id invidunt voluptua magna tation duo. Dolor dolor ea amet vero ipsum justo tempor vero. Nulla ea iriure gubergren sed aliquam et nonummy et invidunt duo. Delenit iusto dolores sit erat dolore. Vulputate et erat aliquyam consequat at lorem eirmod kasd clita voluptua facilisi eos nam. Takimata sed wisi amet wisi. Sea vulputate lorem aliquyam illum nonumy diam duis. Invidunt consetetur kasd nonumy tincidunt feugiat diam labore ut facilisi stet sea suscipit. Dolor iriure sed facer et vero. Vulputate diam accusam no ullamcorper ut adipiscing elit dolore accusam at ea et et. Sit at et accusam. Accumsan clita tempor.\nSadipscing wisi rebum molestie zzril duo et amet autem clita vero nonumy amet clita elitr magna lorem. Voluptua amet elitr nonumy. At dolor kasd est sit amet dolor sanctus. Suscipit gubergren delenit. Justo nonumy elitr gubergren ea et ut ipsum no et et. Eos dolor delenit zzril tempor dolore sit sit.\nDolores eirmod eleifend stet diam veniam feugiat ut dolore. Vel lorem amet. Sed sed dolore elitr sit eos stet takimata nonummy lobortis nulla stet at wisi consetetur et takimata. Laoreet vel dolor elitr gubergren dolor kasd sit. Consequat no no sea. Accumsan iusto elitr. Consetetur lorem sea nonumy ea diam elitr aliquam labore no ullamcorper eos voluptua. Magna lorem lorem sanctus dolore et nonumy cum dolore no justo vel exerci. Ut sea et duis tation diam commodo facer facer eu et iriure labore accumsan est elit. Tincidunt nonumy diam delenit ut nonumy. Dolores et sit. Est ullamcorper ipsum sadipscing sed et. Amet sed sed. Dolores lorem magna nisl. Nonumy dolore iriure te gubergren kasd eirmod vero invidunt magna gubergren sanctus sed labore consectetuer sea tempor takimata elitr. Eos eos blandit sit et eirmod stet tincidunt lorem dolor velit et no ipsum illum sea labore facilisis.\nEnim aliquyam sanctus sed delenit augue rebum ut no luptatum ad. Et dolore ut diam vero diam. Lorem et elitr kasd labore ut sea nonummy duis augue. At clita et delenit accusam quis qui invidunt molestie takimata dolores sed et qui.\nLorem et sed enim rebum dolores tempor justo justo hendrerit vulputate nonumy amet commodo gubergren stet elitr. Et eos tempor sadipscing ea et eirmod in invidunt nonumy lorem gubergren sadipscing sit sea sadipscing est. Vero nulla dolores kasd in facilisis accusam ut dignissim hendrerit et. Sanctus elitr labore consetetur sed. Praesent ut et duo lorem at kasd consequat delenit. Ipsum labore ad. Aliquip esse dolores exerci erat iriure. Et odio dolore nonumy tation in stet ipsum praesent ex ut magna sed ipsum voluptua praesent labore.\n","publishDate":"2022-11-30T02:11:25.8780377+00:00"} 
 </msg>
<msg timestamp="20221214 23:11:36.312" level="INFO">C:\Users\raphael.maciel\AppData\Local\Programs\Python\Python311\Lib\site-packages\urllib3\connectionpool.py:1045: InsecureRequestWarning: Unverified HTTPS request is being made to host 'fakerestapi.azurewebsites.net'. Adding certificate verification is strongly advised. See: https://urllib3.readthedocs.io/en/1.26.x/advanced-usage.html#ssl-warnings
  warnings.warn(</msg>
<msg timestamp="20221214 23:11:36.315" level="INFO">${RESPOSTA} = &lt;Response [200]&gt;</msg>
<status status="PASS" starttime="20221214 23:11:36.001" endtime="20221214 23:11:36.315"/>
</kw>
<kw name="Log" library="BuiltIn">
<arg>${RESPOSTA.text}</arg>
<doc>Logs the given message with the given level.</doc>
<msg timestamp="20221214 23:11:36.317" level="INFO">{"id":15,"title":"Book 15","description":"Stet clita ut. Erat eirmod dolor nulla labore diam et dolor diam facilisis eirmod enim. Tation adipiscing elitr dolor. Clita ea amet. Sadipscing et eos sanctus dolores est ipsum amet invidunt stet est elitr. Tempor lorem eos est lorem feugiat luptatum. Amet eos justo labore possim aliquyam labore amet nulla labore consequat. Suscipit labore ut diam nisl lorem dolor labore sanctus vero no amet ipsum ipsum. Hendrerit et sadipscing sed consetetur qui gubergren vero et nonumy sit gubergren. Nonumy ipsum stet erat elit velit tempor hendrerit est eirmod erat delenit accusam nonummy lorem nonummy voluptua. Dolore dolor sit duo at et dolor eu stet rebum lorem. Praesent lorem kasd lorem lorem eos. Takimata ea mazim vero. Et sea erat. Sed tempor euismod.\n","pageCount":1500,"excerpt":"Blandit sed eirmod nonumy et feugiat id invidunt voluptua magna tation duo. Dolor dolor ea amet vero ipsum justo tempor vero. Nulla ea iriure gubergren sed aliquam et nonummy et invidunt duo. Delenit iusto dolores sit erat dolore. Vulputate et erat aliquyam consequat at lorem eirmod kasd clita voluptua facilisi eos nam. Takimata sed wisi amet wisi. Sea vulputate lorem aliquyam illum nonumy diam duis. Invidunt consetetur kasd nonumy tincidunt feugiat diam labore ut facilisi stet sea suscipit. Dolor iriure sed facer et vero. Vulputate diam accusam no ullamcorper ut adipiscing elit dolore accusam at ea et et. Sit at et accusam. Accumsan clita tempor.\nSadipscing wisi rebum molestie zzril duo et amet autem clita vero nonumy amet clita elitr magna lorem. Voluptua amet elitr nonumy. At dolor kasd est sit amet dolor sanctus. Suscipit gubergren delenit. Justo nonumy elitr gubergren ea et ut ipsum no et et. Eos dolor delenit zzril tempor dolore sit sit.\nDolores eirmod eleifend stet diam veniam feugiat ut dolore. Vel lorem amet. Sed sed dolore elitr sit eos stet takimata nonummy lobortis nulla stet at wisi consetetur et takimata. Laoreet vel dolor elitr gubergren dolor kasd sit. Consequat no no sea. Accumsan iusto elitr. Consetetur lorem sea nonumy ea diam elitr aliquam labore no ullamcorper eos voluptua. Magna lorem lorem sanctus dolore et nonumy cum dolore no justo vel exerci. Ut sea et duis tation diam commodo facer facer eu et iriure labore accumsan est elit. Tincidunt nonumy diam delenit ut nonumy. Dolores et sit. Est ullamcorper ipsum sadipscing sed et. Amet sed sed. Dolores lorem magna nisl. Nonumy dolore iriure te gubergren kasd eirmod vero invidunt magna gubergren sanctus sed labore consectetuer sea tempor takimata elitr. Eos eos blandit sit et eirmod stet tincidunt lorem dolor velit et no ipsum illum sea labore facilisis.\nEnim aliquyam sanctus sed delenit augue rebum ut no luptatum ad. Et dolore ut diam vero diam. Lorem et elitr kasd labore ut sea nonummy duis augue. At clita et delenit accusam quis qui invidunt molestie takimata dolores sed et qui.\nLorem et sed enim rebum dolores tempor justo justo hendrerit vulputate nonumy amet commodo gubergren stet elitr. Et eos tempor sadipscing ea et eirmod in invidunt nonumy lorem gubergren sadipscing sit sea sadipscing est. Vero nulla dolores kasd in facilisis accusam ut dignissim hendrerit et. Sanctus elitr labore consetetur sed. Praesent ut et duo lorem at kasd consequat delenit. Ipsum labore ad. Aliquip esse dolores exerci erat iriure. Et odio dolore nonumy tation in stet ipsum praesent ex ut magna sed ipsum voluptua praesent labore.\n","publishDate":"2022-11-30T02:11:25.8780377+00:00"}</msg>
<status status="PASS" starttime="20221214 23:11:36.316" endtime="20221214 23:11:36.318"/>
</kw>
<kw name="Set Test Variable" library="BuiltIn">
<arg>${RESPOSTA}</arg>
<doc>Makes a variable available everywhere within the scope of the current test.</doc>
<msg timestamp="20221214 23:11:36.319" level="INFO">${RESPOSTA} = &lt;Response [200]&gt;</msg>
<status status="PASS" starttime="20221214 23:11:36.318" endtime="20221214 23:11:36.319"/>
</kw>
<status status="PASS" starttime="20221214 23:11:36.001" endtime="20221214 23:11:36.319"/>
</kw>
<kw name="Conferir se retorna todos os dados corretos do livro 15" library="resourceApi">
<kw name="Dictionary Should Contain Item" library="Collections">
<arg>${RESPOSTA.json()}</arg>
<arg>id</arg>
<arg>${BOOK_15.id}</arg>
<doc>An item of ``key`` / ``value`` must be found in a ``dictionary``.</doc>
<status status="PASS" starttime="20221214 23:11:36.321" endtime="20221214 23:11:36.324"/>
</kw>
<kw name="Dictionary Should Contain Item" library="Collections">
<arg>${RESPOSTA.json()}</arg>
<arg>title</arg>
<arg>${BOOK_15.title}</arg>
<doc>An item of ``key`` / ``value`` must be found in a ``dictionary``.</doc>
<status status="PASS" starttime="20221214 23:11:36.324" endtime="20221214 23:11:36.325"/>
</kw>
<kw name="Dictionary Should Contain Item" library="Collections">
<arg>${RESPOSTA.json()}</arg>
<arg>pageCount</arg>
<arg>${BOOK_15.pageCount}</arg>
<doc>An item of ``key`` / ``value`` must be found in a ``dictionary``.</doc>
<status status="PASS" starttime="20221214 23:11:36.325" endtime="20221214 23:11:36.326"/>
</kw>
<kw name="Should Not Be Empty" library="BuiltIn">
<arg>${RESPOSTA.json()["description"]}</arg>
<doc>Verifies that the given item is not empty.</doc>
<msg timestamp="20221214 23:11:36.327" level="INFO">Length is 755</msg>
<status status="PASS" starttime="20221214 23:11:36.326" endtime="20221214 23:11:36.327"/>
</kw>
<status status="PASS" starttime="20221214 23:11:36.320" endtime="20221214 23:11:36.327"/>
</kw>
<status status="PASS" starttime="20221214 23:11:36.000" endtime="20221214 23:11:36.327"/>
</test>
<doc>Documentação de API: https://fakerestapi.azurewebsites.net/index.html</doc>
<status status="PASS" starttime="20221214 23:11:32.707" endtime="20221214 23:11:36.329"/>
</suite>
<statistics>
<total>
<stat pass="2" fail="0" skip="0">All Tests</stat>
</total>
<tag>
</tag>
<suite>
<stat pass="2" fail="0" skip="0" id="s1" name="apiTestCase">apiTestCase</stat>
</suite>
</statistics>
<errors>
</errors>
</robot>
